#
# There is insufficient memory for the Java Runtime Environment to continue.
# Native memory allocation (mmap) failed to map 29024256 bytes for committing reserved memory.
# Possible reasons:
#   The system is out of physical RAM or swap space
#   The process is running with CompressedOops enabled, and the Java Heap may be blocking the growth of the native heap
# Possible solutions:
#   Reduce memory load on the system
#   Increase physical memory or swap space
#   Check if swap backing store is full
#   Decrease Java heap size (-Xmx/-Xms)
#   Decrease number of Java threads
#   Decrease Java thread stack sizes (-Xss)
#   Set larger code cache with -XX:ReservedCodeCacheSize=
#   JVM is running with Unscaled Compressed Oops mode in which the Java heap is
#     placed in the first 4GB address space. The Java Heap base address is the
#     maximum limit for the native heap growth. Please use -XX:HeapBaseMinAddress
#     to set the Java Heap base and to place the Java Heap above 4GB virtual address.
# This output file may be truncated or incomplete.
#
#  Out of Memory Error (os_linux.cpp:2852), pid=2166, tid=2190
#
# JRE version: OpenJDK Runtime Environment (11.0.6+10) (build 11.0.6+10-post-Ubuntu-1ubuntu118.04.1)
# Java VM: OpenJDK 64-Bit Server VM (11.0.6+10-post-Ubuntu-1ubuntu118.04.1, mixed mode, sharing, tiered, compressed oops, serial gc, linux-amd64)
# Core dump will be written. Default location: Core dumps may be processed with "/usr/share/apport/apport %p %s %c %d %P" (or dumping to /home/ubuntu/finalapp/k/core.2166)
#

---------------  S U M M A R Y ------------

Command Line: -Dclassworlds.conf=/usr/share/maven/bin/m2.conf -Dmaven.home=/usr/share/maven -Dlibrary.jansi.path=/usr/share/maven/lib/jansi-native -Dmaven.multiModuleProjectDirectory=/home/ubuntu/finalapp/k org.codehaus.plexus.classworlds.launcher.Launcher jetty:run

Host: Intel(R) Xeon(R) CPU E5-2676 v3 @ 2.40GHz, 1 cores, 983M, Ubuntu 18.04.4 LTS
Time: Sun Feb 16 14:52:44 2020 UTC elapsed time: 27 seconds (0d 0h 0m 27s)

---------------  T H R E A D  ---------------

Current thread (0x00007f09dc04c800):  VMThread "VM Thread" [stack: 0x00007f09c4810000,0x00007f09c4910000] [id=2190]

Stack: [0x00007f09c4810000,0x00007f09c4910000],  sp=0x00007f09c490df90,  free space=1015k
Native frames: (J=compiled Java code, A=aot compiled Java code, j=interpreted, Vv=VM code, C=native code)
V  [libjvm.so+0xdefa33]
V  [libjvm.so+0xdf06bb]
V  [libjvm.so+0x6508a5]
V  [libjvm.so+0xbc94b2]
V  [libjvm.so+0xbc134f]
V  [libjvm.so+0xde7207]
V  [libjvm.so+0x515fb1]
V  [libjvm.so+0x516154]
V  [libjvm.so+0xd77097]
V  [libjvm.so+0x5168f9]
V  [libjvm.so+0x7aedf0]
V  [libjvm.so+0x7afbe5]
V  [libjvm.so+0x5cbf4d]
V  [libjvm.so+0xdf21b9]
V  [libjvm.so+0xdfa5c8]
V  [libjvm.so+0xdf7db6]
V  [libjvm.so+0xdf82c0]
V  [libjvm.so+0xdf8743]
V  [libjvm.so+0xd7f20a]
V  [libjvm.so+0xbcf1fe]

VM_Operation (0x00007f09e49e0bf0): CollectForMetadataAllocation, mode: safepoint, requested by thread 0x00007f09dc014000


---------------  P R O C E S S  ---------------

Threads class SMR info:
_java_thread_list=0x00007f09ddbbf3e0, length=18, elements={
0x00007f09dc014000, 0x00007f09dc04f800, 0x00007f09dc051800, 0x00007f09dc05a000,
0x00007f09dc05c800, 0x00007f09dc05e800, 0x00007f09dc060800, 0x00007f09dc09b800,
0x00007f09dc0a1800, 0x00007f09dd521000, 0x00007f09dd538000, 0x00007f09dd539800,
0x00007f09dd53b000, 0x00007f09dd53d000, 0x00007f09dd53f000, 0x00007f09dd540800,
0x00007f09dd542800, 0x00007f09ddbbf800
}

Java Threads: ( => current thread )
  0x00007f09dc014000 JavaThread "main" [_thread_blocked, id=2189, stack(0x00007f09e48e8000,0x00007f09e49e9000)]
  0x00007f09dc04f800 JavaThread "Reference Handler" daemon [_thread_blocked, id=2191, stack(0x00007f09c470d000,0x00007f09c480e000)]
  0x00007f09dc051800 JavaThread "Finalizer" daemon [_thread_blocked, id=2192, stack(0x00007f09c460c000,0x00007f09c470d000)]
  0x00007f09dc05a000 JavaThread "Signal Dispatcher" daemon [_thread_blocked, id=2193, stack(0x00007f09c41fd000,0x00007f09c42fe000)]
  0x00007f09dc05c800 JavaThread "C2 CompilerThread0" daemon [_thread_blocked, id=2194, stack(0x00007f09c40fc000,0x00007f09c41fd000)]
  0x00007f09dc05e800 JavaThread "C1 CompilerThread0" daemon [_thread_blocked, id=2195, stack(0x00007f09afeff000,0x00007f09b0000000)]
  0x00007f09dc060800 JavaThread "Sweeper thread" daemon [_thread_blocked, id=2196, stack(0x00007f09afdfe000,0x00007f09afeff000)]
  0x00007f09dc09b800 JavaThread "Service Thread" daemon [_thread_blocked, id=2197, stack(0x00007f09afcfd000,0x00007f09afdfe000)]
  0x00007f09dc0a1800 JavaThread "Common-Cleaner" daemon [_thread_blocked, id=2199, stack(0x00007f09afafa000,0x00007f09afbfb000)]
  0x00007f09dd521000 JavaThread "qtp1036257977-13" [_thread_blocked, id=2200, stack(0x00007f09ae5c6000,0x00007f09ae6c7000)]
  0x00007f09dd538000 JavaThread "qtp1036257977-14" [_thread_blocked, id=2201, stack(0x00007f09ae4c5000,0x00007f09ae5c6000)]
  0x00007f09dd539800 JavaThread "qtp1036257977-15" [_thread_blocked, id=2202, stack(0x00007f09ae3c4000,0x00007f09ae4c5000)]
  0x00007f09dd53b000 JavaThread "qtp1036257977-16" [_thread_blocked, id=2203, stack(0x00007f09ae2c3000,0x00007f09ae3c4000)]
  0x00007f09dd53d000 JavaThread "qtp1036257977-17" [_thread_blocked, id=2204, stack(0x00007f09ae1c2000,0x00007f09ae2c3000)]
  0x00007f09dd53f000 JavaThread "qtp1036257977-18" [_thread_blocked, id=2205, stack(0x00007f09ae0c1000,0x00007f09ae1c2000)]
  0x00007f09dd540800 JavaThread "qtp1036257977-19" [_thread_blocked, id=2206, stack(0x00007f09adfc0000,0x00007f09ae0c1000)]
  0x00007f09dd542800 JavaThread "qtp1036257977-20" [_thread_blocked, id=2207, stack(0x00007f09adebf000,0x00007f09adfc0000)]
  0x00007f09ddbbf800 JavaThread "Session-HouseKeeper-3b362f1-1" [_thread_blocked, id=2215, stack(0x00007f09ad7be000,0x00007f09ad8bf000)]

Other Threads:
=>0x00007f09dc04c800 VMThread "VM Thread" [stack: 0x00007f09c4810000,0x00007f09c4910000] [id=2190]
  0x00007f09dc09d800 WatcherThread [stack: 0x00007f09afbfd000,0x00007f09afcfd000] [id=2198]

Threads with active compile tasks:

VM state:at safepoint (normal execution)

VM Mutex/Monitor currently owned by a thread:  ([mutex/lock_event])
[0x00007f09dc0103e0] Threads_lock - owner thread: 0x00007f09dc04c800
[0x00007f09dc010b30] Heap_lock - owner thread: 0x00007f09dc014000

Heap address: 0x00000000f0a00000, size: 246 MB, Compressed Oops mode: 32-bit
Narrow klass base: 0x0000000800000000, Narrow klass shift: 3
Compressed class space size: 1073741824 Address: 0x0000000840000000

Heap:
 def new generation   total 36992K, used 0K [0x00000000f0a00000, 0x00000000f3220000, 0x00000000f5c00000)
  eden space 32896K,   0% used [0x00000000f0a00000, 0x00000000f0a00000, 0x00000000f2a20000)
  from space 4096K,   0% used [0x00000000f2e20000, 0x00000000f2e20000, 0x00000000f3220000)
  to   space 4096K,   0% used [0x00000000f2a20000, 0x00000000f2a20000, 0x00000000f2e20000)
 tenured generation   total 81960K, used 66180K [0x00000000f5c00000, 0x00000000fac0a000, 0x0000000100000000)
   the space 81960K,  80% used [0x00000000f5c00000, 0x00000000f9ca13f8, 0x00000000f9ca1400, 0x00000000fac0a000)
 Metaspace       used 39675K, capacity 40682K, committed 41088K, reserved 1085440K
  class space    used 4615K, capacity 4960K, committed 4992K, reserved 1048576K

Card table byte_map: [0x00007f09e4858000,0x00007f09e48d4000] _byte_map_base: 0x00007f09e40d3000

Polling page: 0x00007f09e49f1000

Metaspace:

Usage:
  Non-class:     34.88 MB capacity,    34.24 MB ( 98%) used,   587.96 KB (  2%) free+waste,    74.12 KB ( <1%) overhead. 
      Class:      4.84 MB capacity,     4.51 MB ( 93%) used,   311.31 KB (  6%) free+waste,    33.00 KB ( <1%) overhead. 
       Both:     39.73 MB capacity,    38.75 MB ( 98%) used,   899.27 KB (  2%) free+waste,   107.12 KB ( <1%) overhead. 

Virtual space:
  Non-class space:       36.00 MB reserved,      35.25 MB ( 98%) committed 
      Class space:        1.00 GB reserved,       4.88 MB ( <1%) committed 
             Both:        1.04 GB reserved,      40.12 MB (  4%) committed 

Chunk freelists:
   Non-Class:  318.00 KB
       Class:  0 bytes
        Both:  318.00 KB

MaxMetaspaceSize: unlimited
CompressedClassSpaceSize: 1.00 GB

CodeHeap 'non-profiled nmethods': size=120036Kb used=2890Kb max_used=2890Kb free=117145Kb
 bounds [0x00007f09cc3d7000, 0x00007f09cc6b7000, 0x00007f09d3910000]
CodeHeap 'profiled nmethods': size=120032Kb used=13370Kb max_used=13370Kb free=106661Kb
 bounds [0x00007f09c4e9f000, 0x00007f09c5bbf000, 0x00007f09cc3d7000]
CodeHeap 'non-nmethods': size=5692Kb used=1162Kb max_used=1213Kb free=4529Kb
 bounds [0x00007f09c4910000, 0x00007f09c4b80000, 0x00007f09c4e9f000]
 total_blobs=8564 nmethods=6178 adapters=418
 compilation: enabled
              stopped_count=0, restarted_count=0
 full_count=0

Compilation events (20 events):
Event: 27.507 Thread 0x00007f09dc05e800 6818       3       java.lang.String$CaseInsensitiveComparator::compare (13 bytes)
Event: 27.507 Thread 0x00007f09dc05e800 nmethod 6818 0x00007f09c5bb8390 code [0x00007f09c5bb8560, 0x00007f09c5bb8928]
Event: 27.507 Thread 0x00007f09dc05e800 6819       3       java.lang.String$CaseInsensitiveComparator::compare (68 bytes)
Event: 27.508 Thread 0x00007f09dc05e800 nmethod 6819 0x00007f09c5bb8a10 code [0x00007f09c5bb8c40, 0x00007f09c5bb9298]
Event: 27.508 Thread 0x00007f09dc05e800 6820       3       java.util.TreeMap::containsKey (14 bytes)
Event: 27.508 Thread 0x00007f09dc05e800 nmethod 6820 0x00007f09c5bb9490 code [0x00007f09c5bb9660, 0x00007f09c5bb9868]
Event: 27.509 Thread 0x00007f09dc05e800 6821       3       sun.nio.cs.ext.AbstractCharsetProvider::put (20 bytes)
Event: 27.509 Thread 0x00007f09dc05e800 nmethod 6821 0x00007f09c5bb9910 code [0x00007f09c5bb9ae0, 0x00007f09c5bb9e18]
Event: 27.509 Thread 0x00007f09dc05c800 6822       4       java.lang.StringLatin1::compareToCI (108 bytes)
Event: 27.517 Thread 0x00007f09dc05c800 nmethod 6822 0x00007f09cc6a7790 code [0x00007f09cc6a7940, 0x00007f09cc6a7d58]
Event: 27.517 Thread 0x00007f09dc05c800 6824       4       java.lang.String$CaseInsensitiveComparator::compare (68 bytes)
Event: 27.522 Thread 0x00007f09dc05c800 nmethod 6824 0x00007f09cc6a8090 code [0x00007f09cc6a8240, 0x00007f09cc6a86d8]
Event: 27.522 Thread 0x00007f09dc05c800 6823       4       java.lang.String$CaseInsensitiveComparator::compare (13 bytes)
Event: 27.529 Thread 0x00007f09dc05c800 nmethod 6823 0x00007f09cc6a8b10 code [0x00007f09cc6a8cc0, 0x00007f09cc6a91b8]
Event: 27.533 Thread 0x00007f09dc05e800 6825 %     3       sun.nio.cs.SingleByte::initC2B @ 25 (233 bytes)
Event: 27.534 Thread 0x00007f09dc05e800 nmethod 6825% 0x00007f09c5bb9f10 code [0x00007f09c5bba120, 0x00007f09c5bba8f0]
Event: 27.534 Thread 0x00007f09dc05e800 6826       3       sun.nio.cs.SingleByte::initC2B (233 bytes)
Event: 27.535 Thread 0x00007f09dc05e800 nmethod 6826 0x00007f09c5bbac90 code [0x00007f09c5bbaea0, 0x00007f09c5bbb5b0]
Event: 27.539 Thread 0x00007f09dc05c800 6827       4       java.lang.invoke.DirectMethodHandle$Holder::invokeStatic (14 bytes)
Event: 27.541 Thread 0x00007f09dc05c800 nmethod 6827 0x00007f09cc6a9610 code [0x00007f09cc6a97c0, 0x00007f09cc6a9868]

GC Heap History (20 events):
Event: 18.462 GC heap after
{Heap after GC invocations=111 (full 4):
 def new generation   total 36992K, used 2869K [0x00000000f0a00000, 0x00000000f3220000, 0x00000000f5c00000)
  eden space 32896K,   0% used [0x00000000f0a00000, 0x00000000f0a00000, 0x00000000f2a20000)
  from space 4096K,  70% used [0x00000000f2a20000, 0x00000000f2ced678, 0x00000000f2e20000)
  to   space 4096K,   0% used [0x00000000f2e20000, 0x00000000f2e20000, 0x00000000f3220000)
 tenured generation   total 81960K, used 52715K [0x00000000f5c00000, 0x00000000fac0a000, 0x0000000100000000)
   the space 81960K,  64% used [0x00000000f5c00000, 0x00000000f8f7af00, 0x00000000f8f7b000, 0x00000000fac0a000)
 Metaspace       used 23667K, capacity 24572K, committed 24704K, reserved 1071104K
  class space    used 2619K, capacity 2904K, committed 2944K, reserved 1048576K
}
Event: 18.715 GC heap before
{Heap before GC invocations=111 (full 4):
 def new generation   total 36992K, used 35765K [0x00000000f0a00000, 0x00000000f3220000, 0x00000000f5c00000)
  eden space 32896K, 100% used [0x00000000f0a00000, 0x00000000f2a20000, 0x00000000f2a20000)
  from space 4096K,  70% used [0x00000000f2a20000, 0x00000000f2ced678, 0x00000000f2e20000)
  to   space 4096K,   0% used [0x00000000f2e20000, 0x00000000f2e20000, 0x00000000f3220000)
 tenured generation   total 81960K, used 52715K [0x00000000f5c00000, 0x00000000fac0a000, 0x0000000100000000)
   the space 81960K,  64% used [0x00000000f5c00000, 0x00000000f8f7af00, 0x00000000f8f7b000, 0x00000000fac0a000)
 Metaspace       used 23667K, capacity 24572K, committed 24704K, reserved 1071104K
  class space    used 2619K, capacity 2904K, committed 2944K, reserved 1048576K
}
Event: 18.741 GC heap after
{Heap after GC invocations=112 (full 4):
 def new generation   total 36992K, used 2607K [0x00000000f0a00000, 0x00000000f3220000, 0x00000000f5c00000)
  eden space 32896K,   0% used [0x00000000f0a00000, 0x00000000f0a00000, 0x00000000f2a20000)
  from space 4096K,  63% used [0x00000000f2e20000, 0x00000000f30abf90, 0x00000000f3220000)
  to   space 4096K,   0% used [0x00000000f2a20000, 0x00000000f2a20000, 0x00000000f2e20000)
 tenured generation   total 81960K, used 54192K [0x00000000f5c00000, 0x00000000fac0a000, 0x0000000100000000)
   the space 81960K,  66% used [0x00000000f5c00000, 0x00000000f90ec110, 0x00000000f90ec200, 0x00000000fac0a000)
 Metaspace       used 23667K, capacity 24572K, committed 24704K, reserved 1071104K
  class space    used 2619K, capacity 2904K, committed 2944K, reserved 1048576K
}
Event: 18.983 GC heap before
{Heap before GC invocations=112 (full 4):
 def new generation   total 36992K, used 35503K [0x00000000f0a00000, 0x00000000f3220000, 0x00000000f5c00000)
  eden space 32896K, 100% used [0x00000000f0a00000, 0x00000000f2a20000, 0x00000000f2a20000)
  from space 4096K,  63% used [0x00000000f2e20000, 0x00000000f30abf90, 0x00000000f3220000)
  to   space 4096K,   0% used [0x00000000f2a20000, 0x00000000f2a20000, 0x00000000f2e20000)
 tenured generation   total 81960K, used 54192K [0x00000000f5c00000, 0x00000000fac0a000, 0x0000000100000000)
   the space 81960K,  66% used [0x00000000f5c00000, 0x00000000f90ec110, 0x00000000f90ec200, 0x00000000fac0a000)
 Metaspace       used 23668K, capacity 24572K, committed 24704K, reserved 1071104K
  class space    used 2619K, capacity 2904K, committed 2944K, reserved 1048576K
}
Event: 19.008 GC heap after
{Heap after GC invocations=113 (full 4):
 def new generation   total 36992K, used 2572K [0x00000000f0a00000, 0x00000000f3220000, 0x00000000f5c00000)
  eden space 32896K,   0% used [0x00000000f0a00000, 0x00000000f0a00000, 0x00000000f2a20000)
  from space 4096K,  62% used [0x00000000f2a20000, 0x00000000f2ca3270, 0x00000000f2e20000)
  to   space 4096K,   0% used [0x00000000f2e20000, 0x00000000f2e20000, 0x00000000f3220000)
 tenured generation   total 81960K, used 55215K [0x00000000f5c00000, 0x00000000fac0a000, 0x0000000100000000)
   the space 81960K,  67% used [0x00000000f5c00000, 0x00000000f91ebd00, 0x00000000f91ebe00, 0x00000000fac0a000)
 Metaspace       used 23668K, capacity 24572K, committed 24704K, reserved 1071104K
  class space    used 2619K, capacity 2904K, committed 2944K, reserved 1048576K
}
Event: 19.839 GC heap before
{Heap before GC invocations=113 (full 4):
 def new generation   total 36992K, used 35468K [0x00000000f0a00000, 0x00000000f3220000, 0x00000000f5c00000)
  eden space 32896K,  99% used [0x00000000f0a00000, 0x00000000f2a1fff0, 0x00000000f2a20000)
  from space 4096K,  62% used [0x00000000f2a20000, 0x00000000f2ca3270, 0x00000000f2e20000)
  to   space 4096K,   0% used [0x00000000f2e20000, 0x00000000f2e20000, 0x00000000f3220000)
 tenured generation   total 81960K, used 55215K [0x00000000f5c00000, 0x00000000fac0a000, 0x0000000100000000)
   the space 81960K,  67% used [0x00000000f5c00000, 0x00000000f91ebd00, 0x00000000f91ebe00, 0x00000000fac0a000)
 Metaspace       used 24380K, capacity 25234K, committed 25600K, reserved 1071104K
  class space    used 2696K, capacity 2984K, committed 3072K, reserved 1048576K
}
Event: 19.868 GC heap after
{Heap after GC invocations=114 (full 4):
 def new generation   total 36992K, used 2651K [0x00000000f0a00000, 0x00000000f3220000, 0x00000000f5c00000)
  eden space 32896K,   0% used [0x00000000f0a00000, 0x00000000f0a00000, 0x00000000f2a20000)
  from space 4096K,  64% used [0x00000000f2e20000, 0x00000000f30b6d20, 0x00000000f3220000)
  to   space 4096K,   0% used [0x00000000f2a20000, 0x00000000f2a20000, 0x00000000f2e20000)
 tenured generation   total 81960K, used 56567K [0x00000000f5c00000, 0x00000000fac0a000, 0x0000000100000000)
   the space 81960K,  69% used [0x00000000f5c00000, 0x00000000f933dc38, 0x00000000f933de00, 0x00000000fac0a000)
 Metaspace       used 24380K, capacity 25234K, committed 25600K, reserved 1071104K
  class space    used 2696K, capacity 2984K, committed 3072K, reserved 1048576K
}
Event: 21.795 GC heap before
{Heap before GC invocations=114 (full 4):
 def new generation   total 36992K, used 35547K [0x00000000f0a00000, 0x00000000f3220000, 0x00000000f5c00000)
  eden space 32896K, 100% used [0x00000000f0a00000, 0x00000000f2a20000, 0x00000000f2a20000)
  from space 4096K,  64% used [0x00000000f2e20000, 0x00000000f30b6d20, 0x00000000f3220000)
  to   space 4096K,   0% used [0x00000000f2a20000, 0x00000000f2a20000, 0x00000000f2e20000)
 tenured generation   total 81960K, used 56567K [0x00000000f5c00000, 0x00000000fac0a000, 0x0000000100000000)
   the space 81960K,  69% used [0x00000000f5c00000, 0x00000000f933dc38, 0x00000000f933de00, 0x00000000fac0a000)
 Metaspace       used 28439K, capacity 29384K, committed 29696K, reserved 1075200K
  class space    used 3264K, capacity 3557K, committed 3584K, reserved 1048576K
}
Event: 21.821 GC heap after
{Heap after GC invocations=115 (full 4):
 def new generation   total 36992K, used 2524K [0x00000000f0a00000, 0x00000000f3220000, 0x00000000f5c00000)
  eden space 32896K,   0% used [0x00000000f0a00000, 0x00000000f0a00000, 0x00000000f2a20000)
  from space 4096K,  61% used [0x00000000f2a20000, 0x00000000f2c973d8, 0x00000000f2e20000)
  to   space 4096K,   0% used [0x00000000f2e20000, 0x00000000f2e20000, 0x00000000f3220000)
 tenured generation   total 81960K, used 57693K [0x00000000f5c00000, 0x00000000fac0a000, 0x0000000100000000)
   the space 81960K,  70% used [0x00000000f5c00000, 0x00000000f9457738, 0x00000000f9457800, 0x00000000fac0a000)
 Metaspace       used 28439K, capacity 29384K, committed 29696K, reserved 1075200K
  class space    used 3264K, capacity 3557K, committed 3584K, reserved 1048576K
}
Event: 23.287 GC heap before
{Heap before GC invocations=115 (full 4):
 def new generation   total 36992K, used 35420K [0x00000000f0a00000, 0x00000000f3220000, 0x00000000f5c00000)
  eden space 32896K, 100% used [0x00000000f0a00000, 0x00000000f2a20000, 0x00000000f2a20000)
  from space 4096K,  61% used [0x00000000f2a20000, 0x00000000f2c973d8, 0x00000000f2e20000)
  to   space 4096K,   0% used [0x00000000f2e20000, 0x00000000f2e20000, 0x00000000f3220000)
 tenured generation   total 81960K, used 57693K [0x00000000f5c00000, 0x00000000fac0a000, 0x0000000100000000)
   the space 81960K,  70% used [0x00000000f5c00000, 0x00000000f9457738, 0x00000000f9457800, 0x00000000fac0a000)
 Metaspace       used 30492K, capacity 31454K, committed 31744K, reserved 1077248K
  class space    used 3517K, capacity 3817K, committed 3840K, reserved 1048576K
}
Event: 23.325 GC heap after
{Heap after GC invocations=116 (full 4):
 def new generation   total 36992K, used 2192K [0x00000000f0a00000, 0x00000000f3220000, 0x00000000f5c00000)
  eden space 32896K,   0% used [0x00000000f0a00000, 0x00000000f0a00000, 0x00000000f2a20000)
  from space 4096K,  53% used [0x00000000f2e20000, 0x00000000f3044008, 0x00000000f3220000)
  to   space 4096K,   0% used [0x00000000f2a20000, 0x00000000f2a20000, 0x00000000f2e20000)
 tenured generation   total 81960K, used 59106K [0x00000000f5c00000, 0x00000000fac0a000, 0x0000000100000000)
   the space 81960K,  72% used [0x00000000f5c00000, 0x00000000f95b8a50, 0x00000000f95b8c00, 0x00000000fac0a000)
 Metaspace       used 30492K, capacity 31454K, committed 31744K, reserved 1077248K
  class space    used 3517K, capacity 3817K, committed 3840K, reserved 1048576K
}
Event: 24.849 GC heap before
{Heap before GC invocations=116 (full 4):
 def new generation   total 36992K, used 35088K [0x00000000f0a00000, 0x00000000f3220000, 0x00000000f5c00000)
  eden space 32896K, 100% used [0x00000000f0a00000, 0x00000000f2a20000, 0x00000000f2a20000)
  from space 4096K,  53% used [0x00000000f2e20000, 0x00000000f3044008, 0x00000000f3220000)
  to   space 4096K,   0% used [0x00000000f2a20000, 0x00000000f2a20000, 0x00000000f2e20000)
 tenured generation   total 81960K, used 59106K [0x00000000f5c00000, 0x00000000fac0a000, 0x0000000100000000)
   the space 81960K,  72% used [0x00000000f5c00000, 0x00000000f95b8a50, 0x00000000f95b8c00, 0x00000000fac0a000)
 Metaspace       used 32628K, capacity 33608K, committed 34176K, reserved 1079296K
  class space    used 3769K, capacity 4106K, committed 4224K, reserved 1048576K
}
Event: 24.863 GC heap after
{Heap after GC invocations=117 (full 4):
 def new generation   total 36992K, used 1695K [0x00000000f0a00000, 0x00000000f3220000, 0x00000000f5c00000)
  eden space 32896K,   0% used [0x00000000f0a00000, 0x00000000f0a00000, 0x00000000f2a20000)
  from space 4096K,  41% used [0x00000000f2a20000, 0x00000000f2bc7d60, 0x00000000f2e20000)
  to   space 4096K,   0% used [0x00000000f2e20000, 0x00000000f2e20000, 0x00000000f3220000)
 tenured generation   total 81960K, used 60174K [0x00000000f5c00000, 0x00000000fac0a000, 0x0000000100000000)
   the space 81960K,  73% used [0x00000000f5c00000, 0x00000000f96c3bc8, 0x00000000f96c3c00, 0x00000000fac0a000)
 Metaspace       used 32628K, capacity 33608K, committed 34176K, reserved 1079296K
  class space    used 3769K, capacity 4106K, committed 4224K, reserved 1048576K
}
Event: 25.888 GC heap before
{Heap before GC invocations=117 (full 4):
 def new generation   total 36992K, used 34591K [0x00000000f0a00000, 0x00000000f3220000, 0x00000000f5c00000)
  eden space 32896K, 100% used [0x00000000f0a00000, 0x00000000f2a20000, 0x00000000f2a20000)
  from space 4096K,  41% used [0x00000000f2a20000, 0x00000000f2bc7d60, 0x00000000f2e20000)
  to   space 4096K,   0% used [0x00000000f2e20000, 0x00000000f2e20000, 0x00000000f3220000)
 tenured generation   total 81960K, used 60174K [0x00000000f5c00000, 0x00000000fac0a000, 0x0000000100000000)
   the space 81960K,  73% used [0x00000000f5c00000, 0x00000000f96c3bc8, 0x00000000f96c3c00, 0x00000000fac0a000)
 Metaspace       used 34952K, capacity 35884K, committed 36352K, reserved 1081344K
  class space    used 4006K, capacity 4331K, committed 4352K, reserved 1048576K
}
Event: 25.897 GC heap after
{Heap after GC invocations=118 (full 4):
 def new generation   total 36992K, used 2374K [0x00000000f0a00000, 0x00000000f3220000, 0x00000000f5c00000)
  eden space 32896K,   0% used [0x00000000f0a00000, 0x00000000f0a00000, 0x00000000f2a20000)
  from space 4096K,  57% used [0x00000000f2e20000, 0x00000000f30718d0, 0x00000000f3220000)
  to   space 4096K,   0% used [0x00000000f2a20000, 0x00000000f2a20000, 0x00000000f2e20000)
 tenured generation   total 81960K, used 60174K [0x00000000f5c00000, 0x00000000fac0a000, 0x0000000100000000)
   the space 81960K,  73% used [0x00000000f5c00000, 0x00000000f96c3bc8, 0x00000000f96c3c00, 0x00000000fac0a000)
 Metaspace       used 34952K, capacity 35884K, committed 36352K, reserved 1081344K
  class space    used 4006K, capacity 4331K, committed 4352K, reserved 1048576K
}
Event: 26.489 GC heap before
{Heap before GC invocations=118 (full 4):
 def new generation   total 36992K, used 35270K [0x00000000f0a00000, 0x00000000f3220000, 0x00000000f5c00000)
  eden space 32896K, 100% used [0x00000000f0a00000, 0x00000000f2a20000, 0x00000000f2a20000)
  from space 4096K,  57% used [0x00000000f2e20000, 0x00000000f30718d0, 0x00000000f3220000)
  to   space 4096K,   0% used [0x00000000f2a20000, 0x00000000f2a20000, 0x00000000f2e20000)
 tenured generation   total 81960K, used 60174K [0x00000000f5c00000, 0x00000000fac0a000, 0x0000000100000000)
   the space 81960K,  73% used [0x00000000f5c00000, 0x00000000f96c3bc8, 0x00000000f96c3c00, 0x00000000fac0a000)
 Metaspace       used 37272K, capacity 38342K, committed 38784K, reserved 1083392K
  class space    used 4307K, capacity 4632K, committed 4736K, reserved 1048576K
}
Event: 26.503 GC heap after
{Heap after GC invocations=119 (full 4):
 def new generation   total 36992K, used 2318K [0x00000000f0a00000, 0x00000000f3220000, 0x00000000f5c00000)
  eden space 32896K,   0% used [0x00000000f0a00000, 0x00000000f0a00000, 0x00000000f2a20000)
  from space 4096K,  56% used [0x00000000f2a20000, 0x00000000f2c63a98, 0x00000000f2e20000)
  to   space 4096K,   0% used [0x00000000f2e20000, 0x00000000f2e20000, 0x00000000f3220000)
 tenured generation   total 81960K, used 60918K [0x00000000f5c00000, 0x00000000fac0a000, 0x0000000100000000)
   the space 81960K,  74% used [0x00000000f5c00000, 0x00000000f977dbb0, 0x00000000f977dc00, 0x00000000fac0a000)
 Metaspace       used 37272K, capacity 38342K, committed 38784K, reserved 1083392K
  class space    used 4307K, capacity 4632K, committed 4736K, reserved 1048576K
}
Event: 27.079 GC heap before
{Heap before GC invocations=119 (full 4):
 def new generation   total 36992K, used 35214K [0x00000000f0a00000, 0x00000000f3220000, 0x00000000f5c00000)
  eden space 32896K, 100% used [0x00000000f0a00000, 0x00000000f2a20000, 0x00000000f2a20000)
  from space 4096K,  56% used [0x00000000f2a20000, 0x00000000f2c63a98, 0x00000000f2e20000)
  to   space 4096K,   0% used [0x00000000f2e20000, 0x00000000f2e20000, 0x00000000f3220000)
 tenured generation   total 81960K, used 60918K [0x00000000f5c00000, 0x00000000fac0a000, 0x0000000100000000)
   the space 81960K,  74% used [0x00000000f5c00000, 0x00000000f977dbb0, 0x00000000f977dc00, 0x00000000fac0a000)
 Metaspace       used 38897K, capacity 39984K, committed 40448K, reserved 1085440K
  class space    used 4516K, capacity 4857K, committed 4864K, reserved 1048576K
}
Event: 27.096 GC heap after
{Heap after GC invocations=120 (full 4):
 def new generation   total 36992K, used 2557K [0x00000000f0a00000, 0x00000000f3220000, 0x00000000f5c00000)
  eden space 32896K,   0% used [0x00000000f0a00000, 0x00000000f0a00000, 0x00000000f2a20000)
  from space 4096K,  62% used [0x00000000f2e20000, 0x00000000f309f400, 0x00000000f3220000)
  to   space 4096K,   0% used [0x00000000f2a20000, 0x00000000f2a20000, 0x00000000f2e20000)
 tenured generation   total 81960K, used 61692K [0x00000000f5c00000, 0x00000000fac0a000, 0x0000000100000000)
   the space 81960K,  75% used [0x00000000f5c00000, 0x00000000f983f280, 0x00000000f983f400, 0x00000000fac0a000)
 Metaspace       used 38897K, capacity 39984K, committed 40448K, reserved 1085440K
  class space    used 4516K, capacity 4857K, committed 4864K, reserved 1048576K
}
Event: 27.542 GC heap before
{Heap before GC invocations=120 (full 4):
 def new generation   total 36992K, used 29448K [0x00000000f0a00000, 0x00000000f3220000, 0x00000000f5c00000)
  eden space 32896K,  81% used [0x00000000f0a00000, 0x00000000f2442e88, 0x00000000f2a20000)
  from space 4096K,  62% used [0x00000000f2e20000, 0x00000000f309f400, 0x00000000f3220000)
  to   space 4096K,   0% used [0x00000000f2a20000, 0x00000000f2a20000, 0x00000000f2e20000)
 tenured generation   total 81960K, used 61692K [0x00000000f5c00000, 0x00000000fac0a000, 0x0000000100000000)
   the space 81960K,  75% used [0x00000000f5c00000, 0x00000000f983f280, 0x00000000f983f400, 0x00000000fac0a000)
 Metaspace       used 39675K, capacity 40682K, committed 41088K, reserved 1085440K
  class space    used 4615K, capacity 4960K, committed 4992K, reserved 1048576K
}

Deoptimization events (20 events):
Event: 26.729 Thread 0x00007f09dc014000 Uncommon trap: trap_request=0xffffffc6 fr.pc=0x00007f09cc667d24 relative=0x0000000000000084
Event: 26.729 Thread 0x00007f09dc014000 Uncommon trap: reason=bimorphic_or_optimized_type_check action=maybe_recompile pc=0x00007f09cc667d24 method=java.util.Collections$UnmodifiableMap$UnmodifiableEntrySet$UnmodifiableEntry.getValue()Ljava/lang/Object; @ 4 c2
Event: 26.729 Thread 0x00007f09dc014000 DEOPT PACKING pc=0x00007f09cc667d24 sp=0x00007f09e49e1cb0
Event: 26.729 Thread 0x00007f09dc014000 DEOPT UNPACKING pc=0x00007f09c49383a5 sp=0x00007f09e49e1c60 mode 2
Event: 27.190 Thread 0x00007f09dc014000 Uncommon trap: trap_request=0xffffffd6 fr.pc=0x00007f09cc69b084 relative=0x00000000000002a4
Event: 27.190 Thread 0x00007f09dc014000 Uncommon trap: reason=array_check action=maybe_recompile pc=0x00007f09cc69b084 method=java.util.AbstractCollection.toArray([Ljava/lang/Object;)[Ljava/lang/Object; @ 116 c2
Event: 27.190 Thread 0x00007f09dc014000 DEOPT PACKING pc=0x00007f09cc69b084 sp=0x00007f09e49e4990
Event: 27.190 Thread 0x00007f09dc014000 DEOPT UNPACKING pc=0x00007f09c49383a5 sp=0x00007f09e49e4940 mode 2
Event: 27.192 Thread 0x00007f09dc014000 Uncommon trap: trap_request=0xffffffd6 fr.pc=0x00007f09cc69b084 relative=0x00000000000002a4
Event: 27.192 Thread 0x00007f09dc014000 Uncommon trap: reason=array_check action=maybe_recompile pc=0x00007f09cc69b084 method=java.util.AbstractCollection.toArray([Ljava/lang/Object;)[Ljava/lang/Object; @ 116 c2
Event: 27.192 Thread 0x00007f09dc014000 DEOPT PACKING pc=0x00007f09cc69b084 sp=0x00007f09e49e48e0
Event: 27.192 Thread 0x00007f09dc014000 DEOPT UNPACKING pc=0x00007f09c49383a5 sp=0x00007f09e49e4880 mode 2
Event: 27.192 Thread 0x00007f09dc014000 Uncommon trap: trap_request=0xffffffd6 fr.pc=0x00007f09cc69b084 relative=0x00000000000002a4
Event: 27.192 Thread 0x00007f09dc014000 Uncommon trap: reason=array_check action=maybe_recompile pc=0x00007f09cc69b084 method=java.util.AbstractCollection.toArray([Ljava/lang/Object;)[Ljava/lang/Object; @ 116 c2
Event: 27.192 Thread 0x00007f09dc014000 DEOPT PACKING pc=0x00007f09cc69b084 sp=0x00007f09e49e4ee0
Event: 27.192 Thread 0x00007f09dc014000 DEOPT UNPACKING pc=0x00007f09c49383a5 sp=0x00007f09e49e4e80 mode 2
Event: 27.194 Thread 0x00007f09dc014000 Uncommon trap: trap_request=0xffffffd6 fr.pc=0x00007f09cc69b084 relative=0x00000000000002a4
Event: 27.194 Thread 0x00007f09dc014000 Uncommon trap: reason=array_check action=maybe_recompile pc=0x00007f09cc69b084 method=java.util.AbstractCollection.toArray([Ljava/lang/Object;)[Ljava/lang/Object; @ 116 c2
Event: 27.194 Thread 0x00007f09dc014000 DEOPT PACKING pc=0x00007f09cc69b084 sp=0x00007f09e49e4930
Event: 27.194 Thread 0x00007f09dc014000 DEOPT UNPACKING pc=0x00007f09c49383a5 sp=0x00007f09e49e48d0 mode 2

Classes redefined (0 events):
No events

Internal exceptions (20 events):
Event: 27.333 Thread 0x00007f09dc014000 Exception <a 'java/lang/ClassNotFoundException'{0x00000000f1deef58}: org/springframework/web/context/ServletContextAwareCustomizer> (0x00000000f1deef58) thrown at [/build/openjdk-lts-iuKaMP/openjdk-lts-11.0.6+10/src/hotspot/share/classfile/systemDictionar
Event: 27.334 Thread 0x00007f09dc014000 Exception <a 'java/lang/ClassNotFoundException'{0x00000000f1e190c0}: org/springframework/context/ApplicationContextAwareCustomizer> (0x00000000f1e190c0) thrown at [/build/openjdk-lts-iuKaMP/openjdk-lts-11.0.6+10/src/hotspot/share/classfile/systemDictionar
Event: 27.338 Thread 0x00007f09dc014000 Exception <a 'java/lang/ClassNotFoundException'{0x00000000f1e65c70}: org/springframework/web/servlet/handler/BeanNameUrlHandlerMappingBeanInfo> (0x00000000f1e65c70) thrown at [/build/openjdk-lts-iuKaMP/openjdk-lts-11.0.6+10/src/hotspot/share/classfile/sys
Event: 27.338 Thread 0x00007f09dc014000 Exception <a 'java/lang/ClassNotFoundException'{0x00000000f1e95cd0}: org/springframework/web/servlet/handler/AbstractDetectingUrlHandlerMappingBeanInfo> (0x00000000f1e95cd0) thrown at [/build/openjdk-lts-iuKaMP/openjdk-lts-11.0.6+10/src/hotspot/share/clas
Event: 27.339 Thread 0x00007f09dc014000 Exception <a 'java/lang/ClassNotFoundException'{0x00000000f1ec2628}: org/springframework/web/servlet/handler/AbstractUrlHandlerMappingBeanInfo> (0x00000000f1ec2628) thrown at [/build/openjdk-lts-iuKaMP/openjdk-lts-11.0.6+10/src/hotspot/share/classfile/sys
Event: 27.346 Thread 0x00007f09dc014000 Exception <a 'java/lang/ClassNotFoundException'{0x00000000f1ef1390}: org/springframework/web/servlet/handler/AbstractUrlHandlerMappingCustomizer> (0x00000000f1ef1390) thrown at [/build/openjdk-lts-iuKaMP/openjdk-lts-11.0.6+10/src/hotspot/share/classfile/s
Event: 27.346 Thread 0x00007f09dc014000 Exception <a 'java/lang/ClassNotFoundException'{0x00000000f1f2ad08}: org/springframework/web/servlet/handler/AbstractDetectingUrlHandlerMappingCustomizer> (0x00000000f1f2ad08) thrown at [/build/openjdk-lts-iuKaMP/openjdk-lts-11.0.6+10/src/hotspot/share/cl
Event: 27.347 Thread 0x00007f09dc014000 Exception <a 'java/lang/ClassNotFoundException'{0x00000000f1f5e358}: org/springframework/web/servlet/handler/BeanNameUrlHandlerMappingCustomizer> (0x00000000f1f5e358) thrown at [/build/openjdk-lts-iuKaMP/openjdk-lts-11.0.6+10/src/hotspot/share/classfile/s
Event: 27.353 Thread 0x00007f09dc014000 Exception <a 'java/lang/ClassNotFoundException'{0x00000000f1f9f3a0}: org/springframework/web/servlet/handler/MatchableHandlerMappingCustomizer> (0x00000000f1f9f3a0) thrown at [/build/openjdk-lts-iuKaMP/openjdk-lts-11.0.6+10/src/hotspot/share/classfile/sys
Event: 27.353 Thread 0x00007f09dc014000 Exception <a 'java/lang/ClassNotFoundException'{0x00000000f1fc6cc8}: org/springframework/web/servlet/HandlerMappingCustomizer> (0x00000000f1fc6cc8) thrown at [/build/openjdk-lts-iuKaMP/openjdk-lts-11.0.6+10/src/hotspot/share/classfile/systemDictionary.cpp
Event: 27.354 Thread 0x00007f09dc014000 Exception <a 'java/lang/ClassNotFoundException'{0x00000000f1fea8d8}: org/springframework/core/OrderedCustomizer> (0x00000000f1fea8d8) thrown at [/build/openjdk-lts-iuKaMP/openjdk-lts-11.0.6+10/src/hotspot/share/classfile/systemDictionary.cpp, line 231]
Event: 27.354 Thread 0x00007f09dc014000 Exception <a 'java/lang/ClassNotFoundException'{0x00000000f2014968}: org/springframework/web/context/ServletContextAwareCustomizer> (0x00000000f2014968) thrown at [/build/openjdk-lts-iuKaMP/openjdk-lts-11.0.6+10/src/hotspot/share/classfile/systemDictionar
Event: 27.355 Thread 0x00007f09dc014000 Exception <a 'java/lang/ClassNotFoundException'{0x00000000f203ead0}: org/springframework/context/ApplicationContextAwareCustomizer> (0x00000000f203ead0) thrown at [/build/openjdk-lts-iuKaMP/openjdk-lts-11.0.6+10/src/hotspot/share/classfile/systemDictionar
Event: 27.377 Thread 0x00007f09dc014000 Exception <a 'java/lang/ClassNotFoundException'{0x00000000f20d7288}: org/springframework/web/servlet/handler/SimpleUrlHandlerMappingBeanInfo> (0x00000000f20d7288) thrown at [/build/openjdk-lts-iuKaMP/openjdk-lts-11.0.6+10/src/hotspot/share/classfile/syste
Event: 27.378 Thread 0x00007f09dc014000 Exception <a 'java/lang/ClassNotFoundException'{0x00000000f2102bb0}: org/springframework/web/servlet/handler/SimpleUrlHandlerMappingCustomizer> (0x00000000f2102bb0) thrown at [/build/openjdk-lts-iuKaMP/openjdk-lts-11.0.6+10/src/hotspot/share/classfile/sys
Event: 27.384 Thread 0x00007f09dc014000 Exception <a 'java/lang/ClassNotFoundException'{0x00000000f2147f28}: org/springframework/web/servlet/handler/MatchableHandlerMappingCustomizer> (0x00000000f2147f28) thrown at [/build/openjdk-lts-iuKaMP/openjdk-lts-11.0.6+10/src/hotspot/share/classfile/sys
Event: 27.385 Thread 0x00007f09dc014000 Exception <a 'java/lang/ClassNotFoundException'{0x00000000f216f850}: org/springframework/web/servlet/HandlerMappingCustomizer> (0x00000000f216f850) thrown at [/build/openjdk-lts-iuKaMP/openjdk-lts-11.0.6+10/src/hotspot/share/classfile/systemDictionary.cpp
Event: 27.385 Thread 0x00007f09dc014000 Exception <a 'java/lang/ClassNotFoundException'{0x00000000f2193460}: org/springframework/core/OrderedCustomizer> (0x00000000f2193460) thrown at [/build/openjdk-lts-iuKaMP/openjdk-lts-11.0.6+10/src/hotspot/share/classfile/systemDictionary.cpp, line 231]
Event: 27.386 Thread 0x00007f09dc014000 Exception <a 'java/lang/ClassNotFoundException'{0x00000000f21bd2a0}: org/springframework/web/context/ServletContextAwareCustomizer> (0x00000000f21bd2a0) thrown at [/build/openjdk-lts-iuKaMP/openjdk-lts-11.0.6+10/src/hotspot/share/classfile/systemDictionar
Event: 27.387 Thread 0x00007f09dc014000 Exception <a 'java/lang/ClassNotFoundException'{0x00000000f21e7678}: org/springframework/context/ApplicationContextAwareCustomizer> (0x00000000f21e7678) thrown at [/build/openjdk-lts-iuKaMP/openjdk-lts-11.0.6+10/src/hotspot/share/classfile/systemDictionar

Events (20 events):
Event: 27.499 loading class sun/nio/cs/JIS_X_0212 done
Event: 27.499 loading class sun/nio/cs/EUC_CN
Event: 27.500 loading class sun/nio/cs/EUC_CN done
Event: 27.500 loading class sun/nio/cs/UTF_32LE
Event: 27.500 loading class sun/nio/cs/UTF_32LE done
Event: 27.501 loading class java/nio/charset/Charset$ExtendedProviderHolder
Event: 27.501 loading class java/nio/charset/Charset$ExtendedProviderHolder done
Event: 27.501 loading class java/nio/charset/Charset$ExtendedProviderHolder$1
Event: 27.501 loading class java/nio/charset/Charset$ExtendedProviderHolder$1 done
Event: 27.528 loading class sun/nio/cs/SingleByte$Encoder
Event: 27.528 loading class sun/nio/cs/ArrayEncoder
Event: 27.528 loading class sun/nio/cs/ArrayEncoder done
Event: 27.529 loading class sun/nio/cs/SingleByte$Encoder done
Event: 27.529 loading class sun/nio/cs/SingleByte$Decoder
Event: 27.529 loading class sun/nio/cs/ArrayDecoder
Event: 27.530 loading class sun/nio/cs/ArrayDecoder done
Event: 27.530 loading class sun/nio/cs/SingleByte$Decoder done
Event: 27.530 Executing VM operation: Deoptimize
Event: 27.531 Executing VM operation: Deoptimize done
Event: 27.542 Executing VM operation: CollectForMetadataAllocation


Dynamic libraries:
f0a00000-f3220000 rw-p 00000000 00:00 0 
f3220000-f5c00000 ---p 00000000 00:00 0 
f5c00000-fac0a000 rw-p 00000000 00:00 0 
fc7b8000-100000000 ---p 00000000 00:00 0 
800000000-800002000 rwxp 00001000 ca:01 527136                           /usr/lib/jvm/java-11-openjdk-amd64/lib/server/classes.jsa
800002000-8003b8000 rw-p 00003000 ca:01 527136                           /usr/lib/jvm/java-11-openjdk-amd64/lib/server/classes.jsa
8003b8000-800a7e000 r--p 003b9000 ca:01 527136                           /usr/lib/jvm/java-11-openjdk-amd64/lib/server/classes.jsa
800a7e000-800a7f000 rw-p 00a7f000 ca:01 527136                           /usr/lib/jvm/java-11-openjdk-amd64/lib/server/classes.jsa
800a7f000-80108b000 r--p 00a80000 ca:01 527136                           /usr/lib/jvm/java-11-openjdk-amd64/lib/server/classes.jsa
840000000-8404e0000 rw-p 00000000 00:00 0 
8404e0000-880000000 ---p 00000000 00:00 0 
55f6ae284000-55f6ae285000 r-xp 00000000 ca:01 527691                     /usr/lib/jvm/java-11-openjdk-amd64/bin/java
55f6ae485000-55f6ae486000 r--p 00001000 ca:01 527691                     /usr/lib/jvm/java-11-openjdk-amd64/bin/java
55f6ae486000-55f6ae487000 rw-p 00002000 ca:01 527691                     /usr/lib/jvm/java-11-openjdk-amd64/bin/java
55f6b02dd000-55f6b0321000 rw-p 00000000 00:00 0                          [heap]
7f09a0000000-7f09a0059000 rw-p 00000000 00:00 0 
7f09a0059000-7f09a4000000 ---p 00000000 00:00 0 
7f09a8000000-7f09a8c13000 rw-p 00000000 00:00 0 
7f09a8c13000-7f09ac000000 ---p 00000000 00:00 0 
7f09acdbe000-7f09acefe000 rw-p 00000000 00:00 0 
7f09acefe000-7f09acfbe000 ---p 00000000 00:00 0 
7f09acfbe000-7f09ad1be000 rw-p 00000000 00:00 0 
7f09ad1be000-7f09ad3be000 rw-p 00000000 00:00 0 
7f09ad3be000-7f09ad5be000 rw-p 00000000 00:00 0 
7f09ad5be000-7f09ad7be000 rw-p 00000000 00:00 0 
7f09ad7be000-7f09ad7c2000 ---p 00000000 00:00 0 
7f09ad7c2000-7f09adabf000 rw-p 00000000 00:00 0 
7f09adabf000-7f09adcbf000 rw-p 00000000 00:00 0 
7f09adcbf000-7f09adebf000 rw-p 00000000 00:00 0 
7f09adebf000-7f09adec3000 ---p 00000000 00:00 0 
7f09adec3000-7f09adfc0000 rw-p 00000000 00:00 0 
7f09adfc0000-7f09adfc4000 ---p 00000000 00:00 0 
7f09adfc4000-7f09ae0c1000 rw-p 00000000 00:00 0 
7f09ae0c1000-7f09ae0c5000 ---p 00000000 00:00 0 
7f09ae0c5000-7f09ae1c2000 rw-p 00000000 00:00 0 
7f09ae1c2000-7f09ae1c6000 ---p 00000000 00:00 0 
7f09ae1c6000-7f09ae2c3000 rw-p 00000000 00:00 0 
7f09ae2c3000-7f09ae2c7000 ---p 00000000 00:00 0 
7f09ae2c7000-7f09ae3c4000 rw-p 00000000 00:00 0 
7f09ae3c4000-7f09ae3c8000 ---p 00000000 00:00 0 
7f09ae3c8000-7f09ae4c5000 rw-p 00000000 00:00 0 
7f09ae4c5000-7f09ae4c9000 ---p 00000000 00:00 0 
7f09ae4c9000-7f09ae5c6000 rw-p 00000000 00:00 0 
7f09ae5c6000-7f09ae5ca000 ---p 00000000 00:00 0 
7f09ae5ca000-7f09ae8c7000 rw-p 00000000 00:00 0 
7f09ae8c7000-7f09ae8cc000 r-xp 00000000 ca:01 527843                     /usr/lib/jvm/java-11-openjdk-amd64/lib/libmanagement_ext.so
7f09ae8cc000-7f09aeacb000 ---p 00005000 ca:01 527843                     /usr/lib/jvm/java-11-openjdk-amd64/lib/libmanagement_ext.so
7f09aeacb000-7f09aeacc000 r--p 00004000 ca:01 527843                     /usr/lib/jvm/java-11-openjdk-amd64/lib/libmanagement_ext.so
7f09aeacc000-7f09aeacd000 rw-p 00005000 ca:01 527843                     /usr/lib/jvm/java-11-openjdk-amd64/lib/libmanagement_ext.so
7f09aeacd000-7f09aead1000 r-xp 00000000 ca:01 527841                     /usr/lib/jvm/java-11-openjdk-amd64/lib/libmanagement.so
7f09aead1000-7f09aecd0000 ---p 00004000 ca:01 527841                     /usr/lib/jvm/java-11-openjdk-amd64/lib/libmanagement.so
7f09aecd0000-7f09aecd1000 r--p 00003000 ca:01 527841                     /usr/lib/jvm/java-11-openjdk-amd64/lib/libmanagement.so
7f09aecd1000-7f09aecd2000 rw-p 00004000 ca:01 527841                     /usr/lib/jvm/java-11-openjdk-amd64/lib/libmanagement.so
7f09aecd2000-7f09aeed2000 rw-p 00000000 00:00 0 
7f09aeed2000-7f09af0d2000 rw-p 00000000 00:00 0 
7f09af0d2000-7f09af2d2000 rw-p 00000000 00:00 0 
7f09af2d2000-7f09af4d2000 rw-p 00000000 00:00 0 
7f09af4d2000-7f09af6d2000 rw-p 00000000 00:00 0 
7f09af6d2000-7f09af6e8000 r-xp 00000000 ca:01 527845                     /usr/lib/jvm/java-11-openjdk-amd64/lib/libnet.so
7f09af6e8000-7f09af8e7000 ---p 00016000 ca:01 527845                     /usr/lib/jvm/java-11-openjdk-amd64/lib/libnet.so
7f09af8e7000-7f09af8e8000 r--p 00015000 ca:01 527845                     /usr/lib/jvm/java-11-openjdk-amd64/lib/libnet.so
7f09af8e8000-7f09af8e9000 rw-p 00016000 ca:01 527845                     /usr/lib/jvm/java-11-openjdk-amd64/lib/libnet.so
7f09af8e9000-7f09af8f9000 r-xp 00000000 ca:01 527846                     /usr/lib/jvm/java-11-openjdk-amd64/lib/libnio.so
7f09af8f9000-7f09afaf8000 ---p 00010000 ca:01 527846                     /usr/lib/jvm/java-11-openjdk-amd64/lib/libnio.so
7f09afaf8000-7f09afaf9000 r--p 0000f000 ca:01 527846                     /usr/lib/jvm/java-11-openjdk-amd64/lib/libnio.so
7f09afaf9000-7f09afafa000 rw-p 00010000 ca:01 527846                     /usr/lib/jvm/java-11-openjdk-amd64/lib/libnio.so
7f09afafa000-7f09afafe000 ---p 00000000 00:00 0 
7f09afafe000-7f09afbfb000 rw-p 00000000 00:00 0 
7f09afbfb000-7f09afbfc000 ---p 00000000 00:00 0 
7f09afbfc000-7f09afcfd000 rw-p 00000000 00:00 0 
7f09afcfd000-7f09afd01000 ---p 00000000 00:00 0 
7f09afd01000-7f09afdfe000 rw-p 00000000 00:00 0 
7f09afdfe000-7f09afe02000 ---p 00000000 00:00 0 
7f09afe02000-7f09afeff000 rw-p 00000000 00:00 0 
7f09afeff000-7f09aff03000 ---p 00000000 00:00 0 
7f09aff03000-7f09b0000000 rw-p 00000000 00:00 0 
7f09b0000000-7f09b0021000 rw-p 00000000 00:00 0 
7f09b0021000-7f09b4000000 ---p 00000000 00:00 0 
7f09b4000000-7f09b5a3e000 rw-p 00000000 00:00 0 
7f09b5a3e000-7f09b8000000 ---p 00000000 00:00 0 
7f09b8000000-7f09b8021000 rw-p 00000000 00:00 0 
7f09b8021000-7f09bc000000 ---p 00000000 00:00 0 
7f09bc000000-7f09bc026000 rw-p 00000000 00:00 0 
7f09bc026000-7f09c0000000 ---p 00000000 00:00 0 
7f09c0000000-7f09c0138000 rw-p 00000000 00:00 0 
7f09c0138000-7f09c4000000 ---p 00000000 00:00 0 
7f09c40fc000-7f09c4100000 ---p 00000000 00:00 0 
7f09c4100000-7f09c41fd000 rw-p 00000000 00:00 0 
7f09c41fd000-7f09c4201000 ---p 00000000 00:00 0 
7f09c4201000-7f09c42fe000 rw-p 00000000 00:00 0 
7f09c42fe000-7f09c4471000 r--p 00000000 ca:01 7800                       /usr/lib/locale/C.UTF-8/LC_COLLATE
7f09c4471000-7f09c460c000 r--p 00000000 ca:01 7795                       /usr/lib/locale/locale-archive
7f09c460c000-7f09c4610000 ---p 00000000 00:00 0 
7f09c4610000-7f09c470d000 rw-p 00000000 00:00 0 
7f09c470d000-7f09c4711000 ---p 00000000 00:00 0 
7f09c4711000-7f09c480e000 rw-p 00000000 00:00 0 
7f09c480e000-7f09c480f000 ---p 00000000 00:00 0 
7f09c480f000-7f09c4910000 rw-p 00000000 00:00 0 
7f09c4910000-7f09c4b80000 rwxp 00000000 00:00 0 
7f09c4b80000-7f09c4e9f000 ---p 00000000 00:00 0 
7f09c4e9f000-7f09c5bbf000 rwxp 00000000 00:00 0 
7f09c5bbf000-7f09cc3d7000 ---p 00000000 00:00 0 
7f09cc3d7000-7f09cc6b7000 rwxp 00000000 00:00 0 
7f09cc6b7000-7f09d3910000 ---p 00000000 00:00 0 
7f09d3910000-7f09dc000000 r--s 00000000 ca:01 527855                     /usr/lib/jvm/java-11-openjdk-amd64/lib/modules
7f09dc000000-7f09de108000 rw-p 00000000 00:00 0 
7f09de108000-7f09e0000000 ---p 00000000 00:00 0 
7f09e0018000-7f09e0049000 rw-p 00000000 00:00 0 
7f09e0049000-7f09e007a000 r--p 00000000 ca:01 7801                       /usr/lib/locale/C.UTF-8/LC_CTYPE
7f09e007a000-7f09e097e000 rw-p 00000000 00:00 0 
7f09e097e000-7f09e09c6000 rw-p 00000000 00:00 0 
7f09e09c6000-7f09e0aab000 ---p 00000000 00:00 0 
7f09e0aab000-7f09e0ac6000 rw-p 00000000 00:00 0 
7f09e0ac6000-7f09e0b96000 ---p 00000000 00:00 0 
7f09e0b96000-7f09e0b9b000 r-xp 00000000 ca:01 527837                     /usr/lib/jvm/java-11-openjdk-amd64/lib/libjimage.so
7f09e0b9b000-7f09e0d9a000 ---p 00005000 ca:01 527837                     /usr/lib/jvm/java-11-openjdk-amd64/lib/libjimage.so
7f09e0d9a000-7f09e0d9b000 r--p 00004000 ca:01 527837                     /usr/lib/jvm/java-11-openjdk-amd64/lib/libjimage.so
7f09e0d9b000-7f09e0d9c000 rw-p 00005000 ca:01 527837                     /usr/lib/jvm/java-11-openjdk-amd64/lib/libjimage.so
7f09e0d9c000-7f09e0da3000 r-xp 00000000 ca:01 527854                     /usr/lib/jvm/java-11-openjdk-amd64/lib/libzip.so
7f09e0da3000-7f09e0fa2000 ---p 00007000 ca:01 527854                     /usr/lib/jvm/java-11-openjdk-amd64/lib/libzip.so
7f09e0fa2000-7f09e0fa3000 r--p 00006000 ca:01 527854                     /usr/lib/jvm/java-11-openjdk-amd64/lib/libzip.so
7f09e0fa3000-7f09e0fa4000 rw-p 00007000 ca:01 527854                     /usr/lib/jvm/java-11-openjdk-amd64/lib/libzip.so
7f09e0fa4000-7f09e0faf000 r-xp 00000000 ca:01 2093                       /lib/x86_64-linux-gnu/libnss_files-2.27.so
7f09e0faf000-7f09e11ae000 ---p 0000b000 ca:01 2093                       /lib/x86_64-linux-gnu/libnss_files-2.27.so
7f09e11ae000-7f09e11af000 r--p 0000a000 ca:01 2093                       /lib/x86_64-linux-gnu/libnss_files-2.27.so
7f09e11af000-7f09e11b0000 rw-p 0000b000 ca:01 2093                       /lib/x86_64-linux-gnu/libnss_files-2.27.so
7f09e11b0000-7f09e11b6000 rw-p 00000000 00:00 0 
7f09e11b6000-7f09e11cd000 r-xp 00000000 ca:01 2090                       /lib/x86_64-linux-gnu/libnsl-2.27.so
7f09e11cd000-7f09e13cc000 ---p 00017000 ca:01 2090                       /lib/x86_64-linux-gnu/libnsl-2.27.so
7f09e13cc000-7f09e13cd000 r--p 00016000 ca:01 2090                       /lib/x86_64-linux-gnu/libnsl-2.27.so
7f09e13cd000-7f09e13ce000 rw-p 00017000 ca:01 2090                       /lib/x86_64-linux-gnu/libnsl-2.27.so
7f09e13ce000-7f09e13d0000 rw-p 00000000 00:00 0 
7f09e13d0000-7f09e13db000 r-xp 00000000 ca:01 2095                       /lib/x86_64-linux-gnu/libnss_nis-2.27.so
7f09e13db000-7f09e15da000 ---p 0000b000 ca:01 2095                       /lib/x86_64-linux-gnu/libnss_nis-2.27.so
7f09e15da000-7f09e15db000 r--p 0000a000 ca:01 2095                       /lib/x86_64-linux-gnu/libnss_nis-2.27.so
7f09e15db000-7f09e15dc000 rw-p 0000b000 ca:01 2095                       /lib/x86_64-linux-gnu/libnss_nis-2.27.so
7f09e15dc000-7f09e15e4000 r-xp 00000000 ca:01 2091                       /lib/x86_64-linux-gnu/libnss_compat-2.27.so
7f09e15e4000-7f09e17e4000 ---p 00008000 ca:01 2091                       /lib/x86_64-linux-gnu/libnss_compat-2.27.so
7f09e17e4000-7f09e17e5000 r--p 00008000 ca:01 2091                       /lib/x86_64-linux-gnu/libnss_compat-2.27.so
7f09e17e5000-7f09e17e6000 rw-p 00009000 ca:01 2091                       /lib/x86_64-linux-gnu/libnss_compat-2.27.so
7f09e17e6000-7f09e180f000 r-xp 00000000 ca:01 527833                     /usr/lib/jvm/java-11-openjdk-amd64/lib/libjava.so
7f09e180f000-7f09e1a0e000 ---p 00029000 ca:01 527833                     /usr/lib/jvm/java-11-openjdk-amd64/lib/libjava.so
7f09e1a0e000-7f09e1a0f000 r--p 00028000 ca:01 527833                     /usr/lib/jvm/java-11-openjdk-amd64/lib/libjava.so
7f09e1a0f000-7f09e1a11000 rw-p 00029000 ca:01 527833                     /usr/lib/jvm/java-11-openjdk-amd64/lib/libjava.so
7f09e1a11000-7f09e1a1e000 r-xp 00000000 ca:01 527853                     /usr/lib/jvm/java-11-openjdk-amd64/lib/libverify.so
7f09e1a1e000-7f09e1c1d000 ---p 0000d000 ca:01 527853                     /usr/lib/jvm/java-11-openjdk-amd64/lib/libverify.so
7f09e1c1d000-7f09e1c1f000 r--p 0000c000 ca:01 527853                     /usr/lib/jvm/java-11-openjdk-amd64/lib/libverify.so
7f09e1c1f000-7f09e1c20000 rw-p 0000e000 ca:01 527853                     /usr/lib/jvm/java-11-openjdk-amd64/lib/libverify.so
7f09e1c20000-7f09e1c27000 r-xp 00000000 ca:01 2180                       /lib/x86_64-linux-gnu/librt-2.27.so
7f09e1c27000-7f09e1e26000 ---p 00007000 ca:01 2180                       /lib/x86_64-linux-gnu/librt-2.27.so
7f09e1e26000-7f09e1e27000 r--p 00006000 ca:01 2180                       /lib/x86_64-linux-gnu/librt-2.27.so
7f09e1e27000-7f09e1e28000 rw-p 00007000 ca:01 2180                       /lib/x86_64-linux-gnu/librt-2.27.so
7f09e1e28000-7f09e1e3f000 r-xp 00000000 ca:01 2096                       /lib/x86_64-linux-gnu/libgcc_s.so.1
7f09e1e3f000-7f09e203e000 ---p 00017000 ca:01 2096                       /lib/x86_64-linux-gnu/libgcc_s.so.1
7f09e203e000-7f09e203f000 r--p 00016000 ca:01 2096                       /lib/x86_64-linux-gnu/libgcc_s.so.1
7f09e203f000-7f09e2040000 rw-p 00017000 ca:01 2096                       /lib/x86_64-linux-gnu/libgcc_s.so.1
7f09e2040000-7f09e21dd000 r-xp 00000000 ca:01 2087                       /lib/x86_64-linux-gnu/libm-2.27.so
7f09e21dd000-7f09e23dc000 ---p 0019d000 ca:01 2087                       /lib/x86_64-linux-gnu/libm-2.27.so
7f09e23dc000-7f09e23dd000 r--p 0019c000 ca:01 2087                       /lib/x86_64-linux-gnu/libm-2.27.so
7f09e23dd000-7f09e23de000 rw-p 0019d000 ca:01 2087                       /lib/x86_64-linux-gnu/libm-2.27.so
7f09e23de000-7f09e2557000 r-xp 00000000 ca:01 5016                       /usr/lib/x86_64-linux-gnu/libstdc++.so.6.0.25
7f09e2557000-7f09e2757000 ---p 00179000 ca:01 5016                       /usr/lib/x86_64-linux-gnu/libstdc++.so.6.0.25
7f09e2757000-7f09e2761000 r--p 00179000 ca:01 5016                       /usr/lib/x86_64-linux-gnu/libstdc++.so.6.0.25
7f09e2761000-7f09e2763000 rw-p 00183000 ca:01 5016                       /usr/lib/x86_64-linux-gnu/libstdc++.so.6.0.25
7f09e2763000-7f09e2767000 rw-p 00000000 00:00 0 
7f09e2767000-7f09e3840000 r-xp 00000000 ca:01 527860                     /usr/lib/jvm/java-11-openjdk-amd64/lib/server/libjvm.so
7f09e3840000-7f09e3a3f000 ---p 010d9000 ca:01 527860                     /usr/lib/jvm/java-11-openjdk-amd64/lib/server/libjvm.so
7f09e3a3f000-7f09e3afc000 r--p 010d8000 ca:01 527860                     /usr/lib/jvm/java-11-openjdk-amd64/lib/server/libjvm.so
7f09e3afc000-7f09e3b36000 rw-p 01195000 ca:01 527860                     /usr/lib/jvm/java-11-openjdk-amd64/lib/server/libjvm.so
7f09e3b36000-7f09e3b8c000 rw-p 00000000 00:00 0 
7f09e3b8c000-7f09e3ba6000 r-xp 00000000 ca:01 2178                       /lib/x86_64-linux-gnu/libpthread-2.27.so
7f09e3ba6000-7f09e3da5000 ---p 0001a000 ca:01 2178                       /lib/x86_64-linux-gnu/libpthread-2.27.so
7f09e3da5000-7f09e3da6000 r--p 00019000 ca:01 2178                       /lib/x86_64-linux-gnu/libpthread-2.27.so
7f09e3da6000-7f09e3da7000 rw-p 0001a000 ca:01 2178                       /lib/x86_64-linux-gnu/libpthread-2.27.so
7f09e3da7000-7f09e3dab000 rw-p 00000000 00:00 0 
7f09e3dab000-7f09e3dae000 r-xp 00000000 ca:01 2086                       /lib/x86_64-linux-gnu/libdl-2.27.so
7f09e3dae000-7f09e3fad000 ---p 00003000 ca:01 2086                       /lib/x86_64-linux-gnu/libdl-2.27.so
7f09e3fad000-7f09e3fae000 r--p 00002000 ca:01 2086                       /lib/x86_64-linux-gnu/libdl-2.27.so
7f09e3fae000-7f09e3faf000 rw-p 00003000 ca:01 2086                       /lib/x86_64-linux-gnu/libdl-2.27.so
7f09e3faf000-7f09e3fcb000 r-xp 00000000 ca:01 2183                       /lib/x86_64-linux-gnu/libz.so.1.2.11
7f09e3fcb000-7f09e41ca000 ---p 0001c000 ca:01 2183                       /lib/x86_64-linux-gnu/libz.so.1.2.11
7f09e41ca000-7f09e41cb000 r--p 0001b000 ca:01 2183                       /lib/x86_64-linux-gnu/libz.so.1.2.11
7f09e41cb000-7f09e41cc000 rw-p 0001c000 ca:01 2183                       /lib/x86_64-linux-gnu/libz.so.1.2.11
7f09e41cc000-7f09e43b3000 r-xp 00000000 ca:01 2083                       /lib/x86_64-linux-gnu/libc-2.27.so
7f09e43b3000-7f09e45b3000 ---p 001e7000 ca:01 2083                       /lib/x86_64-linux-gnu/libc-2.27.so
7f09e45b3000-7f09e45b7000 r--p 001e7000 ca:01 2083                       /lib/x86_64-linux-gnu/libc-2.27.so
7f09e45b7000-7f09e45b9000 rw-p 001eb000 ca:01 2083                       /lib/x86_64-linux-gnu/libc-2.27.so
7f09e45b9000-7f09e45bd000 rw-p 00000000 00:00 0 
7f09e45bd000-7f09e45cd000 r-xp 00000000 ca:01 527817                     /usr/lib/jvm/java-11-openjdk-amd64/lib/jli/libjli.so
7f09e45cd000-7f09e47cc000 ---p 00010000 ca:01 527817                     /usr/lib/jvm/java-11-openjdk-amd64/lib/jli/libjli.so
7f09e47cc000-7f09e47cd000 r--p 0000f000 ca:01 527817                     /usr/lib/jvm/java-11-openjdk-amd64/lib/jli/libjli.so
7f09e47cd000-7f09e47ce000 rw-p 00010000 ca:01 527817                     /usr/lib/jvm/java-11-openjdk-amd64/lib/jli/libjli.so
7f09e47ce000-7f09e47f5000 r-xp 00000000 ca:01 2079                       /lib/x86_64-linux-gnu/ld-2.27.so
7f09e47f8000-7f09e47f9000 r--p 00000000 ca:01 7806                       /usr/lib/locale/C.UTF-8/LC_NUMERIC
7f09e47f9000-7f09e47fa000 r--p 00000000 ca:01 7809                       /usr/lib/locale/C.UTF-8/LC_TIME
7f09e47fa000-7f09e47fb000 r--p 00000000 ca:01 7804                       /usr/lib/locale/C.UTF-8/LC_MONETARY
7f09e47fb000-7f09e47fc000 r--p 00000000 ca:01 7798                       /usr/lib/locale/C.UTF-8/LC_MESSAGES/SYS_LC_MESSAGES
7f09e47fc000-7f09e47fd000 r--p 00000000 ca:01 7807                       /usr/lib/locale/C.UTF-8/LC_PAPER
7f09e47fd000-7f09e47fe000 r--p 00000000 ca:01 7805                       /usr/lib/locale/C.UTF-8/LC_NAME
7f09e47fe000-7f09e4805000 r--s 00000000 ca:01 5009                       /usr/lib/x86_64-linux-gnu/gconv/gconv-modules.cache
7f09e4805000-7f09e482e000 rw-p 00000000 00:00 0 
7f09e482e000-7f09e4858000 ---p 00000000 00:00 0 
7f09e4858000-7f09e486d000 rw-p 00000000 00:00 0 
7f09e486d000-7f09e4881000 ---p 00000000 00:00 0 
7f09e4881000-7f09e48aa000 rw-p 00000000 00:00 0 
7f09e48aa000-7f09e48d3000 ---p 00000000 00:00 0 
7f09e48d3000-7f09e48d9000 rw-p 00000000 00:00 0 
7f09e48d9000-7f09e48e0000 ---p 00000000 00:00 0 
7f09e48e0000-7f09e48e8000 rw-s 00000000 ca:01 535972                     /tmp/hsperfdata_ubuntu/2166
7f09e48e8000-7f09e48ec000 ---p 00000000 00:00 0 
7f09e48ec000-7f09e49eb000 rw-p 00000000 00:00 0 
7f09e49eb000-7f09e49ec000 r--p 00000000 ca:01 7799                       /usr/lib/locale/C.UTF-8/LC_ADDRESS
7f09e49ec000-7f09e49ed000 r--p 00000000 ca:01 7808                       /usr/lib/locale/C.UTF-8/LC_TELEPHONE
7f09e49ed000-7f09e49ee000 r--p 00000000 ca:01 7803                       /usr/lib/locale/C.UTF-8/LC_MEASUREMENT
7f09e49ee000-7f09e49ef000 r--p 00000000 ca:01 7802                       /usr/lib/locale/C.UTF-8/LC_IDENTIFICATION
7f09e49ef000-7f09e49f1000 r--s 00007000 ca:01 56100                      /usr/share/java/java-atk-wrapper.jar
7f09e49f1000-7f09e49f2000 ---p 00000000 00:00 0 
7f09e49f2000-7f09e49f3000 r--p 00000000 00:00 0 
7f09e49f3000-7f09e49f5000 rw-p 00000000 00:00 0 
7f09e49f5000-7f09e49f6000 r--p 00027000 ca:01 2079                       /lib/x86_64-linux-gnu/ld-2.27.so
7f09e49f6000-7f09e49f7000 rw-p 00028000 ca:01 2079                       /lib/x86_64-linux-gnu/ld-2.27.so
7f09e49f7000-7f09e49f8000 rw-p 00000000 00:00 0 
7ffe73050000-7ffe73071000 rw-p 00000000 00:00 0                          [stack]
7ffe731ec000-7ffe731ef000 r--p 00000000 00:00 0                          [vvar]
7ffe731ef000-7ffe731f1000 r-xp 00000000 00:00 0                          [vdso]
ffffffffff600000-ffffffffff601000 r-xp 00000000 00:00 0                  [vsyscall]


VM Arguments:
jvm_args: -Dclassworlds.conf=/usr/share/maven/bin/m2.conf -Dmaven.home=/usr/share/maven -Dlibrary.jansi.path=/usr/share/maven/lib/jansi-native -Dmaven.multiModuleProjectDirectory=/home/ubuntu/finalapp/k 
java_command: org.codehaus.plexus.classworlds.launcher.Launcher jetty:run
java_class_path (initial): /usr/share/maven/boot/plexus-classworlds-2.x.jar
Launcher Type: SUN_STANDARD

[Global flags]
     intx CICompilerCount                          = 2                                         {product} {ergonomic}
   size_t InitialHeapSize                          = 16777216                                  {product} {ergonomic}
   size_t MaxHeapSize                              = 257949696                                 {product} {ergonomic}
   size_t MaxNewSize                               = 85983232                                  {product} {ergonomic}
   size_t MinHeapDeltaBytes                        = 196608                                    {product} {ergonomic}
   size_t NewSize                                  = 5570560                                   {product} {ergonomic}
    uintx NonNMethodCodeHeapSize                   = 5825164                                {pd product} {ergonomic}
    uintx NonProfiledCodeHeapSize                  = 122916538                              {pd product} {ergonomic}
   size_t OldSize                                  = 11206656                                  {product} {ergonomic}
    uintx ProfiledCodeHeapSize                     = 122916538                              {pd product} {ergonomic}
    uintx ReservedCodeCacheSize                    = 251658240                              {pd product} {ergonomic}
     bool SegmentedCodeCache                       = true                                      {product} {ergonomic}
     bool UseCompressedClassPointers               = true                                 {lp64_product} {ergonomic}
     bool UseCompressedOops                        = true                                 {lp64_product} {ergonomic}
     bool UseSerialGC                              = true                                      {product} {ergonomic}

Logging:
Log output configuration:
 #0: stdout all=warning uptime,level,tags
 #1: stderr all=off uptime,level,tags

Environment Variables:
PATH=/usr/local/sbin:/usr/local/bin:/usr/sbin:/usr/bin:/sbin:/bin:/usr/games:/usr/local/games:/snap/bin
SHELL=/bin/bash

Signal Handlers:
SIGSEGV: [libjvm.so+0xdf1470], sa_mask[0]=11111111011111111101111111111110, sa_flags=SA_RESTART|SA_SIGINFO
SIGBUS: [libjvm.so+0xdf1470], sa_mask[0]=11111111011111111101111111111110, sa_flags=SA_RESTART|SA_SIGINFO
SIGFPE: [libjvm.so+0xdf1470], sa_mask[0]=11111111011111111101111111111110, sa_flags=SA_RESTART|SA_SIGINFO
SIGPIPE: [libjvm.so+0xbc5560], sa_mask[0]=11111111011111111101111111111110, sa_flags=SA_RESTART|SA_SIGINFO
SIGXFSZ: [libjvm.so+0xbc5560], sa_mask[0]=11111111011111111101111111111110, sa_flags=SA_RESTART|SA_SIGINFO
SIGILL: [libjvm.so+0xdf1470], sa_mask[0]=11111111011111111101111111111110, sa_flags=SA_RESTART|SA_SIGINFO
SIGUSR2: [libjvm.so+0xbc5400], sa_mask[0]=00000000000000000000000000000000, sa_flags=SA_RESTART|SA_SIGINFO
SIGHUP: [libjvm.so+0xbc5760], sa_mask[0]=11111111011111111101111111111110, sa_flags=SA_RESTART|SA_SIGINFO
SIGINT: [libjvm.so+0xbc5760], sa_mask[0]=11111111011111111101111111111110, sa_flags=SA_RESTART|SA_SIGINFO
SIGTERM: [libjvm.so+0xbc5760], sa_mask[0]=11111111011111111101111111111110, sa_flags=SA_RESTART|SA_SIGINFO
SIGQUIT: [libjvm.so+0xbc5760], sa_mask[0]=11111111011111111101111111111110, sa_flags=SA_RESTART|SA_SIGINFO


---------------  S Y S T E M  ---------------

OS:DISTRIB_ID=Ubuntu
DISTRIB_RELEASE=18.04
DISTRIB_CODENAME=bionic
DISTRIB_DESCRIPTION="Ubuntu 18.04.4 LTS"
uname:Linux 4.15.0-1058-aws #60-Ubuntu SMP Wed Jan 15 22:35:20 UTC 2020 x86_64
libc:glibc 2.27 NPTL 2.27 
rlimit: STACK 8192k, CORE 0k, NPROC 3840, NOFILE 1048576, AS infinity, DATA infinity, FSIZE infinity
load average:1.59 0.63 0.29

/proc/meminfo:
MemTotal:        1007300 kB
MemFree:           65728 kB
MemAvailable:      11232 kB
Buffers:             852 kB
Cached:            10636 kB
SwapCached:            0 kB
Active:           849548 kB
Inactive:           8112 kB
Active(anon):     846800 kB
Inactive(anon):      184 kB
Active(file):       2748 kB
Inactive(file):     7928 kB
Unevictable:           0 kB
Mlocked:               0 kB
SwapTotal:             0 kB
SwapFree:              0 kB
Dirty:                88 kB
Writeback:             0 kB
AnonPages:        846216 kB
Mapped:             7556 kB
Shmem:               768 kB
Slab:              53168 kB
SReclaimable:      23008 kB
SUnreclaim:        30160 kB
KernelStack:        4288 kB
PageTables:         7260 kB
NFS_Unstable:          0 kB
Bounce:                0 kB
WritebackTmp:          0 kB
CommitLimit:      503648 kB
Committed_AS:    1852756 kB
VmallocTotal:   34359738367 kB
VmallocUsed:           0 kB
VmallocChunk:          0 kB
HardwareCorrupted:     0 kB
AnonHugePages:         0 kB
ShmemHugePages:        0 kB
ShmemPmdMapped:        0 kB
CmaTotal:              0 kB
CmaFree:               0 kB
HugePages_Total:       0
HugePages_Free:        0
HugePages_Rsvd:        0
HugePages_Surp:        0
Hugepagesize:       2048 kB
DirectMap4k:       67584 kB
DirectMap2M:      980992 kB


/proc/sys/kernel/threads-max (system-wide limit on the number of threads):
7680


/proc/sys/vm/max_map_count (maximum number of memory map areas a process may have):
65530


/proc/sys/kernel/pid_max (system-wide limit on number of process identifiers):
32768



container (cgroup) information:
container_type: cgroupv1
cpu_cpuset_cpus: 0
cpu_memory_nodes: 0
active_processor_count: 1
cpu_quota: -1
cpu_period: 100000
cpu_shares: -1
memory_limit_in_bytes: -1
memory_and_swap_limit_in_bytes: -2
memory_soft_limit_in_bytes: -1
memory_usage_in_bytes: 247435264
memory_max_usage_in_bytes: 250159104

Xen hardware-assisted virtualization detected
Steal ticks since vm start: 1
Steal ticks percentage since vm start:  0.000

CPU:total 1 (initial active 1) (1 cores per cpu, 1 threads per core) family 6 model 63 stepping 2, cmov, cx8, fxsr, mmx, sse, sse2, sse3, ssse3, sse4.1, sse4.2, popcnt, avx, avx2, aes, clmul, erms, lzcnt, tsc, bmi1, bmi2, fma
CPU Model and flags from /proc/cpuinfo:
model name	: Intel(R) Xeon(R) CPU E5-2676 v3 @ 2.40GHz
flags		: fpu vme de pse tsc msr pae mce cx8 apic sep mtrr pge mca cmov pat pse36 clflush mmx fxsr sse sse2 ht syscall nx rdtscp lm constant_tsc rep_good nopl xtopology cpuid pni pclmulqdq ssse3 fma cx16 pcid sse4_1 sse4_2 x2apic movbe popcnt tsc_deadline_timer aes xsave avx f16c rdrand hypervisor lahf_lm abm cpuid_fault invpcid_single pti fsgsbase bmi1 avx2 smep bmi2 erms invpcid xsaveopt

Memory: 4k page, physical 1007300k(65728k free), swap 0k(0k free)

vm_info: OpenJDK 64-Bit Server VM (11.0.6+10-post-Ubuntu-1ubuntu118.04.1) for linux-amd64 JRE (11.0.6+10-post-Ubuntu-1ubuntu118.04.1), built on Jan 15 2020 15:14:00 by "unknown" with gcc 7.4.0

END.
