#
# There is insufficient memory for the Java Runtime Environment to continue.
# Native memory allocation (mmap) failed to map 16384 bytes for committing reserved memory.
# Possible reasons:
#   The system is out of physical RAM or swap space
#   The process is running with CompressedOops enabled, and the Java Heap may be blocking the growth of the native heap
# Possible solutions:
#   Reduce memory load on the system
#   Increase physical memory or swap space
#   Check if swap backing store is full
#   Decrease Java heap size (-Xmx/-Xms)
#   Decrease number of Java threads
#   Decrease Java thread stack sizes (-Xss)
#   Set larger code cache with -XX:ReservedCodeCacheSize=
#   JVM is running with Unscaled Compressed Oops mode in which the Java heap is
#     placed in the first 4GB address space. The Java Heap base address is the
#     maximum limit for the native heap growth. Please use -XX:HeapBaseMinAddress
#     to set the Java Heap base and to place the Java Heap above 4GB virtual address.
# This output file may be truncated or incomplete.
#
#  Out of Memory Error (os_linux.cpp:2852), pid=4050, tid=4466
#
# JRE version:  (11.0.6+10) (build )
# Java VM: OpenJDK 64-Bit Server VM (11.0.6+10-post-Ubuntu-1ubuntu118.04.1, mixed mode, sharing, tiered, compressed oops, serial gc, linux-amd64)
# Core dump will be written. Default location: Core dumps may be processed with "/usr/share/apport/apport %p %s %c %d %P" (or dumping to /home/ubuntu/finalapp/k/core.4050)
#

---------------  S U M M A R Y ------------

Command Line: -Dclassworlds.conf=/usr/share/maven/bin/m2.conf -Dmaven.home=/usr/share/maven -Dlibrary.jansi.path=/usr/share/maven/lib/jansi-native -Dmaven.multiModuleProjectDirectory=/home/ubuntu/finalapp/k org.codehaus.plexus.classworlds.launcher.Launcher jetty:run

Host: Intel(R) Xeon(R) CPU E5-2676 v3 @ 2.40GHz, 1 cores, 983M, Ubuntu 18.04.4 LTS
Time: Fri Feb 21 15:58:02 2020 UTC elapsed time: 811 seconds (0d 0h 13m 31s)

---------------  T H R E A D  ---------------

Current thread (0x00007f8704013800):  JavaThread "Unknown thread" [_thread_in_vm, id=4466, stack(0x00007f870b6d0000,0x00007f870b7d1000)]

Stack: [0x00007f870b6d0000,0x00007f870b7d1000],  sp=0x00007f870b7cf7a0,  free space=1021k
Native frames: (J=compiled Java code, A=aot compiled Java code, j=interpreted, Vv=VM code, C=native code)
V  [libjvm.so+0xdefa33]
V  [libjvm.so+0xdf06bb]
V  [libjvm.so+0x6508a5]
V  [libjvm.so+0xbc9098]
V  [libjvm.so+0xbc11df]
V  [libjvm.so+0xbca85f]
V  [libjvm.so+0xd81684]
V  [libjvm.so+0xd81abd]
V  [libjvm.so+0x8d1671]  JNI_CreateJavaVM+0x51
C  [libjli.so+0x4a66]
C  [libjli.so+0x92cd]


---------------  P R O C E S S  ---------------

Threads class SMR info:
_java_thread_list=0x000055be60cf8130, length=0, elements={
}

Java Threads: ( => current thread )

Other Threads:

[error occurred during error reporting (printing all threads), id 0xb, SIGSEGV (0xb) at pc=0x00007f870a2cf6ae]

VM state:not at safepoint (not fully initialized)

VM Mutex/Monitor currently owned by a thread: None


[error occurred during error reporting (printing compressed oops mode), id 0xb, SIGSEGV (0xb) at pc=0x00007f870a2f9a73]

Deoptimization events (0 events):
No events

Classes redefined (0 events):
No events

Internal exceptions (0 events):
No events

Events (0 events):
No events


Dynamic libraries:
55be602d0000-55be602d1000 r-xp 00000000 ca:01 527691                     /usr/lib/jvm/java-11-openjdk-amd64/bin/java
55be604d1000-55be604d2000 r--p 00001000 ca:01 527691                     /usr/lib/jvm/java-11-openjdk-amd64/bin/java
55be604d2000-55be604d3000 rw-p 00002000 ca:01 527691                     /usr/lib/jvm/java-11-openjdk-amd64/bin/java
55be60ce0000-55be60d01000 rw-p 00000000 00:00 0                          [heap]
7f8704000000-7f8704021000 rw-p 00000000 00:00 0 
7f8704021000-7f8708000000 ---p 00000000 00:00 0 
7f87081ba000-7f87081c5000 r-xp 00000000 ca:01 2095                       /lib/x86_64-linux-gnu/libnss_nis-2.27.so
7f87081c5000-7f87083c4000 ---p 0000b000 ca:01 2095                       /lib/x86_64-linux-gnu/libnss_nis-2.27.so
7f87083c6000-7f87083ce000 r-xp 00000000 ca:01 2091                       /lib/x86_64-linux-gnu/libnss_compat-2.27.so
7f87083ce000-7f87085ce000 ---p 00008000 ca:01 2091                       /lib/x86_64-linux-gnu/libnss_compat-2.27.so
7f87085ce000-7f87085cf000 r--p 00008000 ca:01 2091                       /lib/x86_64-linux-gnu/libnss_compat-2.27.so
7f87085cf000-7f87085d0000 rw-p 00009000 ca:01 2091                       /lib/x86_64-linux-gnu/libnss_compat-2.27.so
7f87085d0000-7f87085f9000 r-xp 00000000 ca:01 527833                     /usr/lib/jvm/java-11-openjdk-amd64/lib/libjava.so
7f87085f9000-7f87087f8000 ---p 00029000 ca:01 527833                     /usr/lib/jvm/java-11-openjdk-amd64/lib/libjava.so
7f87087f8000-7f87087f9000 r--p 00028000 ca:01 527833                     /usr/lib/jvm/java-11-openjdk-amd64/lib/libjava.so
7f87087f9000-7f87087fb000 rw-p 00029000 ca:01 527833                     /usr/lib/jvm/java-11-openjdk-amd64/lib/libjava.so
7f87087fb000-7f8708808000 r-xp 00000000 ca:01 527853                     /usr/lib/jvm/java-11-openjdk-amd64/lib/libverify.so
7f8708808000-7f8708a07000 ---p 0000d000 ca:01 527853                     /usr/lib/jvm/java-11-openjdk-amd64/lib/libverify.so
7f8708a07000-7f8708a09000 r--p 0000c000 ca:01 527853                     /usr/lib/jvm/java-11-openjdk-amd64/lib/libverify.so
7f8708a09000-7f8708a0a000 rw-p 0000e000 ca:01 527853                     /usr/lib/jvm/java-11-openjdk-amd64/lib/libverify.so
7f8708a0a000-7f8708a11000 r-xp 00000000 ca:01 2180                       /lib/x86_64-linux-gnu/librt-2.27.so
7f8708a11000-7f8708c10000 ---p 00007000 ca:01 2180                       /lib/x86_64-linux-gnu/librt-2.27.so
7f8708c10000-7f8708c11000 r--p 00006000 ca:01 2180                       /lib/x86_64-linux-gnu/librt-2.27.so
7f8708c11000-7f8708c12000 rw-p 00007000 ca:01 2180                       /lib/x86_64-linux-gnu/librt-2.27.so
7f8708c12000-7f8708c29000 r-xp 00000000 ca:01 2096                       /lib/x86_64-linux-gnu/libgcc_s.so.1
7f8708c29000-7f8708e28000 ---p 00017000 ca:01 2096                       /lib/x86_64-linux-gnu/libgcc_s.so.1
7f8708e28000-7f8708e29000 r--p 00016000 ca:01 2096                       /lib/x86_64-linux-gnu/libgcc_s.so.1
7f8708e29000-7f8708e2a000 rw-p 00017000 ca:01 2096                       /lib/x86_64-linux-gnu/libgcc_s.so.1
7f8708e2a000-7f8708fc7000 r-xp 00000000 ca:01 2087                       /lib/x86_64-linux-gnu/libm-2.27.so
7f8708fc7000-7f87091c6000 ---p 0019d000 ca:01 2087                       /lib/x86_64-linux-gnu/libm-2.27.so
7f87091c6000-7f87091c7000 r--p 0019c000 ca:01 2087                       /lib/x86_64-linux-gnu/libm-2.27.so
7f87091c7000-7f87091c8000 rw-p 0019d000 ca:01 2087                       /lib/x86_64-linux-gnu/libm-2.27.so
7f87091c8000-7f8709341000 r-xp 00000000 ca:01 5016                       /usr/lib/x86_64-linux-gnu/libstdc++.so.6.0.25
7f8709341000-7f8709541000 ---p 00179000 ca:01 5016                       /usr/lib/x86_64-linux-gnu/libstdc++.so.6.0.25
7f8709541000-7f870954b000 r--p 00179000 ca:01 5016                       /usr/lib/x86_64-linux-gnu/libstdc++.so.6.0.25
7f870954b000-7f870954d000 rw-p 00183000 ca:01 5016                       /usr/lib/x86_64-linux-gnu/libstdc++.so.6.0.25
7f870954d000-7f8709551000 rw-p 00000000 00:00 0 
7f8709551000-7f870a62a000 r-xp 00000000 ca:01 527860                     /usr/lib/jvm/java-11-openjdk-amd64/lib/server/libjvm.so
7f870a62a000-7f870a829000 ---p 010d9000 ca:01 527860                     /usr/lib/jvm/java-11-openjdk-amd64/lib/server/libjvm.so
7f870a829000-7f870a8e6000 r--p 010d8000 ca:01 527860                     /usr/lib/jvm/java-11-openjdk-amd64/lib/server/libjvm.so
7f870a8e6000-7f870a920000 rw-p 01195000 ca:01 527860                     /usr/lib/jvm/java-11-openjdk-amd64/lib/server/libjvm.so
7f870a920000-7f870a976000 rw-p 00000000 00:00 0 
7f870a976000-7f870a990000 r-xp 00000000 ca:01 2178                       /lib/x86_64-linux-gnu/libpthread-2.27.so
7f870a990000-7f870ab8f000 ---p 0001a000 ca:01 2178                       /lib/x86_64-linux-gnu/libpthread-2.27.so
7f870ab8f000-7f870ab90000 r--p 00019000 ca:01 2178                       /lib/x86_64-linux-gnu/libpthread-2.27.so
7f870ab90000-7f870ab91000 rw-p 0001a000 ca:01 2178                       /lib/x86_64-linux-gnu/libpthread-2.27.so
7f870ab91000-7f870ab95000 rw-p 00000000 00:00 0 
7f870ab95000-7f870ab98000 r-xp 00000000 ca:01 2086                       /lib/x86_64-linux-gnu/libdl-2.27.so
7f870ab98000-7f870ad97000 ---p 00003000 ca:01 2086                       /lib/x86_64-linux-gnu/libdl-2.27.so
7f870ad97000-7f870ad98000 r--p 00002000 ca:01 2086                       /lib/x86_64-linux-gnu/libdl-2.27.so
7f870ad98000-7f870ad99000 rw-p 00003000 ca:01 2086                       /lib/x86_64-linux-gnu/libdl-2.27.so
7f870ad99000-7f870adb5000 r-xp 00000000 ca:01 2183                       /lib/x86_64-linux-gnu/libz.so.1.2.11
7f870adb5000-7f870afb4000 ---p 0001c000 ca:01 2183                       /lib/x86_64-linux-gnu/libz.so.1.2.11
7f870afb4000-7f870afb5000 r--p 0001b000 ca:01 2183                       /lib/x86_64-linux-gnu/libz.so.1.2.11
7f870afb5000-7f870afb6000 rw-p 0001c000 ca:01 2183                       /lib/x86_64-linux-gnu/libz.so.1.2.11
7f870afb6000-7f870b19d000 r-xp 00000000 ca:01 2083                       /lib/x86_64-linux-gnu/libc-2.27.so
7f870b19d000-7f870b39d000 ---p 001e7000 ca:01 2083                       /lib/x86_64-linux-gnu/libc-2.27.so
7f870b39d000-7f870b3a1000 r--p 001e7000 ca:01 2083                       /lib/x86_64-linux-gnu/libc-2.27.so
7f870b3a1000-7f870b3a3000 rw-p 001eb000 ca:01 2083                       /lib/x86_64-linux-gnu/libc-2.27.so
7f870b3a3000-7f870b3a7000 rw-p 00000000 00:00 0 
7f870b3a7000-7f870b3b7000 r-xp 00000000 ca:01 527817                     /usr/lib/jvm/java-11-openjdk-amd64/lib/jli/libjli.so
7f870b3b7000-7f870b5b6000 ---p 00010000 ca:01 527817                     /usr/lib/jvm/java-11-openjdk-amd64/lib/jli/libjli.so
7f870b5b6000-7f870b5b7000 r--p 0000f000 ca:01 527817                     /usr/lib/jvm/java-11-openjdk-amd64/lib/jli/libjli.so
7f870b5b7000-7f870b5b8000 rw-p 00010000 ca:01 527817                     /usr/lib/jvm/java-11-openjdk-amd64/lib/jli/libjli.so
7f870b5b8000-7f870b5df000 r-xp 00000000 ca:01 2079                       /lib/x86_64-linux-gnu/ld-2.27.so
7f870b6d4000-7f870b7d3000 rw-p 00000000 00:00 0 
7f870b7d3000-7f870b7db000 rw-s 00000000 ca:01 91374                      /tmp/hsperfdata_ubuntu/4050
7f870b7db000-7f870b7dc000 ---p 00000000 00:00 0 
7f870b7dc000-7f870b7dd000 r--p 00000000 00:00 0 
7f870b7dd000-7f870b7df000 rw-p 00000000 00:00 0 
7f870b7df000-7f870b7e0000 r--p 00027000 ca:01 2079                       /lib/x86_64-linux-gnu/ld-2.27.so
7f870b7e0000-7f870b7e1000 rw-p 00028000 ca:01 2079                       /lib/x86_64-linux-gnu/ld-2.27.so
7f870b7e1000-7f870b7e2000 rw-p 00000000 00:00 0 
7ffd6ed0d000-7ffd6ed2e000 rw-p 00000000 00:00 0                          [stack]
7ffd6ed38000-7ffd6ed3b000 r--p 00000000 00:00 0                          [vvar]
7ffd6ed3b000-7ffd6ed3d000 r-xp 00000000 00:00 0                          [vdso]
ffffffffff600000-ffffffffff601000 r-xp 00000000 00:00 0                  [vsyscall]


VM Arguments:
jvm_args: -Dclassworlds.conf=/usr/share/maven/bin/m2.conf -Dmaven.home=/usr/share/maven -Dlibrary.jansi.path=/usr/share/maven/lib/jansi-native -Dmaven.multiModuleProjectDirectory=/home/ubuntu/finalapp/k 
java_command: org.codehaus.plexus.classworlds.launcher.Launcher jetty:run
java_class_path (initial): /usr/share/maven/boot/plexus-classworlds-2.x.jar
Launcher Type: SUN_STANDARD

[Global flags]
   size_t InitialHeapSize                          = 16116800                                  {product} {ergonomic}
   size_t MaxHeapSize                              = 257868800                                 {product} {ergonomic}
    uintx ReservedCodeCacheSize                    = 251658240                              {pd product} {ergonomic}
     bool SegmentedCodeCache                       = true                                      {product} {ergonomic}
     bool UseCompressedClassPointers               = true                                 {lp64_product} {ergonomic}
     bool UseCompressedOops                        = true                                 {lp64_product} {ergonomic}
     bool UseSerialGC                              = true                                      {product} {ergonomic}

Logging:
Log output configuration:
 #0: stdout all=warning uptime,level,tags
 #1: stderr all=off uptime,level,tags

Environment Variables:
PATH=/usr/bin:/bin
SHELL=/bin/sh

Signal Handlers:
SIGSEGV: [libjvm.so+0xdf1470], sa_mask[0]=11111111011111111101111111111110, sa_flags=SA_RESTART|SA_SIGINFO
SIGBUS: [libjvm.so+0xdf1470], sa_mask[0]=11111111011111111101111111111110, sa_flags=SA_RESTART|SA_SIGINFO
SIGFPE: [libjvm.so+0xdf1470], sa_mask[0]=11111111011111111101111111111110, sa_flags=SA_RESTART|SA_SIGINFO
SIGPIPE: [libjvm.so+0xbc5560], sa_mask[0]=11111111011111111101111111111110, sa_flags=SA_RESTART|SA_SIGINFO
SIGXFSZ: [libjvm.so+0xbc5560], sa_mask[0]=11111111011111111101111111111110, sa_flags=SA_RESTART|SA_SIGINFO
SIGILL: [libjvm.so+0xdf1470], sa_mask[0]=11111111011111111101111111111110, sa_flags=SA_RESTART|SA_SIGINFO
SIGUSR2: [libjvm.so+0xbc5400], sa_mask[0]=00000000000000000000000000000000, sa_flags=SA_RESTART|SA_SIGINFO
SIGHUP: SIG_DFL, sa_mask[0]=00000000000000000000000000000000, sa_flags=none
SIGINT: SIG_DFL, sa_mask[0]=00000000000000000000000000000000, sa_flags=none
SIGTERM: SIG_DFL, sa_mask[0]=00000000000000000000000000000000, sa_flags=none
SIGQUIT: SIG_DFL, sa_mask[0]=00000000000000000000000000000000, sa_flags=none


---------------  S Y S T E M  ---------------

OS:DISTRIB_ID=Ubuntu
DISTRIB_RELEASE=18.04
DISTRIB_CODENAME=bionic
DISTRIB_DESCRIPTION="Ubuntu 18.04.4 LTS"
uname:Linux 4.15.0-1060-aws #62-Ubuntu SMP Tue Feb 11 21:23:22 UTC 2020 x86_64
libc:glibc 2.27 NPTL 2.27 
rlimit: STACK 8192k, CORE 0k, NPROC 3839, NOFILE 1048576, AS infinity, DATA infinity, FSIZE infinity
load average:201.50 206.78 186.75

/proc/meminfo:
MemTotal:        1007300 kB
MemFree:           49192 kB
MemAvailable:      10108 kB
Buffers:            1648 kB
Cached:            47168 kB
SwapCached:            0 kB
Active:           787672 kB
Inactive:          25676 kB
Active(anon):     768416 kB
Inactive(anon):      164 kB
Active(file):      19256 kB
Inactive(file):    25512 kB
Unevictable:           0 kB
Mlocked:               0 kB
SwapTotal:             0 kB
SwapFree:              0 kB
Dirty:               872 kB
Writeback:             0 kB
AnonPages:        766244 kB
Mapped:            40332 kB
Shmem:               752 kB
Slab:              65200 kB
SReclaimable:      19748 kB
SUnreclaim:        45452 kB
KernelStack:       15100 kB
PageTables:        34464 kB
NFS_Unstable:          0 kB
Bounce:                0 kB
WritebackTmp:          0 kB
CommitLimit:      503648 kB
Committed_AS:    3735144 kB
VmallocTotal:   34359738367 kB
VmallocUsed:           0 kB
VmallocChunk:          0 kB
HardwareCorrupted:     0 kB
AnonHugePages:         0 kB
ShmemHugePages:        0 kB
ShmemPmdMapped:        0 kB
CmaTotal:              0 kB
CmaFree:               0 kB
HugePages_Total:       0
HugePages_Free:        0
HugePages_Rsvd:        0
HugePages_Surp:        0
Hugepagesize:       2048 kB
DirectMap4k:       69632 kB
DirectMap2M:      978944 kB


/proc/sys/kernel/threads-max (system-wide limit on the number of threads):
7679


/proc/sys/vm/max_map_count (maximum number of memory map areas a process may have):
65530


/proc/sys/kernel/pid_max (system-wide limit on number of process identifiers):
32768



container (cgroup) information:
container_type: cgroupv1
cpu_cpuset_cpus: 0
cpu_memory_nodes: 0
active_processor_count: 1
cpu_quota: -1
cpu_period: 100000
cpu_shares: -1
memory_limit_in_bytes: -1
memory_and_swap_limit_in_bytes: -2
memory_soft_limit_in_bytes: -1
memory_usage_in_bytes: 782716928
memory_max_usage_in_bytes: 786251776

Steal ticks since vm start: 126961
Steal ticks percentage since vm start:  0.894

CPU:total 1 (initial active 1) 
CPU Model and flags from /proc/cpuinfo:
model name	: Intel(R) Xeon(R) CPU E5-2676 v3 @ 2.40GHz
flags		: fpu vme de pse tsc msr pae mce cx8 apic sep mtrr pge mca cmov pat pse36 clflush mmx fxsr sse sse2 ht syscall nx rdtscp lm constant_tsc rep_good nopl xtopology cpuid pni pclmulqdq ssse3 fma cx16 pcid sse4_1 sse4_2 x2apic movbe popcnt tsc_deadline_timer aes xsave avx f16c rdrand hypervisor lahf_lm abm cpuid_fault invpcid_single pti fsgsbase bmi1 avx2 smep bmi2 erms invpcid xsaveopt

Memory: 4k page, physical 1007300k(49084k free), swap 0k(0k free)

vm_info: OpenJDK 64-Bit Server VM (11.0.6+10-post-Ubuntu-1ubuntu118.04.1) for linux-amd64 JRE (11.0.6+10-post-Ubuntu-1ubuntu118.04.1), built on Jan 15 2020 15:14:00 by "unknown" with gcc 7.4.0

END.
