#
# There is insufficient memory for the Java Runtime Environment to continue.
# Native memory allocation (mmap) failed to map 16384 bytes for committing reserved memory.
# Possible reasons:
#   The system is out of physical RAM or swap space
#   The process is running with CompressedOops enabled, and the Java Heap may be blocking the growth of the native heap
# Possible solutions:
#   Reduce memory load on the system
#   Increase physical memory or swap space
#   Check if swap backing store is full
#   Decrease Java heap size (-Xmx/-Xms)
#   Decrease number of Java threads
#   Decrease Java thread stack sizes (-Xss)
#   Set larger code cache with -XX:ReservedCodeCacheSize=
#   JVM is running with Unscaled Compressed Oops mode in which the Java heap is
#     placed in the first 4GB address space. The Java Heap base address is the
#     maximum limit for the native heap growth. Please use -XX:HeapBaseMinAddress
#     to set the Java Heap base and to place the Java Heap above 4GB virtual address.
# This output file may be truncated or incomplete.
#
#  Out of Memory Error (os_linux.cpp:2852), pid=3761, tid=4506
#
# JRE version:  (11.0.6+10) (build )
# Java VM: OpenJDK 64-Bit Server VM (11.0.6+10-post-Ubuntu-1ubuntu118.04.1, mixed mode, sharing, tiered, compressed oops, serial gc, linux-amd64)
# Core dump will be written. Default location: Core dumps may be processed with "/usr/share/apport/apport %p %s %c %d %P" (or dumping to /home/ubuntu/finalapp/k/core.3761)
#

---------------  S U M M A R Y ------------

Command Line: -Dclassworlds.conf=/usr/share/maven/bin/m2.conf -Dmaven.home=/usr/share/maven -Dlibrary.jansi.path=/usr/share/maven/lib/jansi-native -Dmaven.multiModuleProjectDirectory=/home/ubuntu/finalapp/k org.codehaus.plexus.classworlds.launcher.Launcher jetty:run

Host: Intel(R) Xeon(R) CPU E5-2676 v3 @ 2.40GHz, 1 cores, 983M, Ubuntu 18.04.4 LTS
Time: Fri Feb 21 16:04:33 2020 UTC elapsed time: 1416 seconds (0d 0h 23m 36s)

---------------  T H R E A D  ---------------

Current thread (0x00007f5bf404f800):  JavaThread "Reference Handler" daemon [_thread_new, id=4506, stack(0x00007f5bdb6dd000,0x00007f5bdb7de000)]

Stack: [0x00007f5bdb6dd000,0x00007f5bdb7de000],  sp=0x00007f5bdb7dc980,  free space=1022k
Native frames: (J=compiled Java code, A=aot compiled Java code, j=interpreted, Vv=VM code, C=native code)
V  [libjvm.so+0xdefa33]
V  [libjvm.so+0xdf06bb]
V  [libjvm.so+0x6508a5]
V  [libjvm.so+0xbc9098]
V  [libjvm.so+0xbc11df]
V  [libjvm.so+0xbca85f]
V  [libjvm.so+0xd832a0]
V  [libjvm.so+0xd7f20a]
V  [libjvm.so+0xbcf1fe]


---------------  P R O C E S S  ---------------

Threads class SMR info:
_java_thread_list=0x00007f5bf4051550, length=2, elements={
0x00007f5bf4014000, 0x00007f5bf404f800
}

Java Threads: ( => current thread )
  0x00007f5bf4014000 JavaThread "main" [_thread_in_vm, id=4217, stack(0x00007f5bfb846000,0x00007f5bfb947000)]
=>0x00007f5bf404f800 JavaThread "Reference Handler" daemon [_thread_new, id=4506, stack(0x00007f5bdb6dd000,0x00007f5bdb7de000)]

Other Threads:
  0x00007f5bf404c800 VMThread "VM Thread" [stack: 0x00007f5bdb7e0000,0x00007f5bdb8e0000] [id=4467]

Threads with active compile tasks:

VM state:not at safepoint (normal execution)

VM Mutex/Monitor currently owned by a thread:  ([mutex/lock_event])
[0x00007f5bf4010410] Threads_lock - owner thread: 0x00007f5bf4014000

Heap address: 0x00000000f0a00000, size: 246 MB, Compressed Oops mode: 32-bit
Narrow klass base: 0x0000000800000000, Narrow klass shift: 3
Compressed class space size: 1073741824 Address: 0x0000000840000000

Heap:
 def new generation   total 4928K, used 88K [0x00000000f0a00000, 0x00000000f0f50000, 0x00000000f5c00000)
  eden space 4416K,   2% used [0x00000000f0a00000, 0x00000000f0a16150, 0x00000000f0e50000)
  from space 512K,   0% used [0x00000000f0e50000, 0x00000000f0e50000, 0x00000000f0ed0000)
  to   space 512K,   0% used [0x00000000f0ed0000, 0x00000000f0ed0000, 0x00000000f0f50000)
 tenured generation   total 10944K, used 0K [0x00000000f5c00000, 0x00000000f66b0000, 0x0000000100000000)
   the space 10944K,   0% used [0x00000000f5c00000, 0x00000000f5c00000, 0x00000000f5c00200, 0x00000000f66b0000)
 Metaspace       used 11K, capacity 4480K, committed 4480K, reserved 1056768K
  class space    used 1K, capacity 384K, committed 384K, reserved 1048576K

Card table byte_map: [0x00007f5bfb7bc000,0x00007f5bfb838000] _byte_map_base: 0x00007f5bfb037000

Polling page: 0x00007f5bfb951000

Metaspace:

Usage:
  Non-class:      4.00 MB capacity,     9.36 KB ( <1%) used,     3.99 MB (>99%) free+waste,    64 bytes ( <1%) overhead. 
      Class:    384.00 KB capacity,     1.97 KB ( <1%) used,   381.97 KB (>99%) free+waste,    64 bytes ( <1%) overhead. 
       Both:      4.38 MB capacity,    11.33 KB ( <1%) used,     4.36 MB (>99%) free+waste,   128 bytes ( <1%) overhead. 

Virtual space:
  Non-class space:        8.00 MB reserved,       4.00 MB ( 50%) committed 
      Class space:        1.00 GB reserved,     384.00 KB ( <1%) committed 
             Both:        1.01 GB reserved,       4.38 MB ( <1%) committed 

Chunk freelists:
   Non-Class:  0 bytes
       Class:  0 bytes
        Both:  0 bytes

MaxMetaspaceSize: unlimited
CompressedClassSpaceSize: 1.00 GB

CodeHeap 'non-profiled nmethods': size=120036Kb used=0Kb max_used=0Kb free=120036Kb
 bounds [0x00007f5be3db7000, 0x00007f5be4027000, 0x00007f5beb2f0000]
CodeHeap 'profiled nmethods': size=120032Kb used=0Kb max_used=0Kb free=120032Kb
 bounds [0x00007f5bdc87f000, 0x00007f5bdcaef000, 0x00007f5be3db7000]
CodeHeap 'non-nmethods': size=5692Kb used=368Kb max_used=368Kb free=5324Kb
 bounds [0x00007f5bdc2f0000, 0x00007f5bdc560000, 0x00007f5bdc87f000]
 total_blobs=164 nmethods=0 adapters=121
 compilation: enabled
              stopped_count=0, restarted_count=0
 full_count=0

Compilation events (0 events):
No events

GC Heap History (0 events):
No events

Deoptimization events (0 events):
No events

Classes redefined (0 events):
No events

Internal exceptions (0 events):
No events

Events (5 events):
Event: 3.438 Protecting memory [0x00007f5bfb846000,0x00007f5bfb84a000] with protection modes 0
Event: 3.438 Loaded shared library /usr/lib/jvm/java-11-openjdk-amd64/lib/libzip.so
Event: 3.604 Loaded shared library /usr/lib/jvm/java-11-openjdk-amd64/lib/libjimage.so
Event: 22.061 Thread 0x00007f5bf4014000 Thread added: 0x00007f5bf4014000
Event: 530.959 Thread 0x00007f5bf404f800 Thread added: 0x00007f5bf404f800


Dynamic libraries:
f0a00000-f0f50000 rw-p 00000000 00:00 0 
f0f50000-f5c00000 ---p 00000000 00:00 0 
f5c00000-f66b0000 rw-p 00000000 00:00 0 
f66b0000-100000000 ---p 00000000 00:00 0 
800000000-800002000 rwxp 00001000 ca:01 527136                           /usr/lib/jvm/java-11-openjdk-amd64/lib/server/classes.jsa
800002000-8003b8000 rw-p 00003000 ca:01 527136                           /usr/lib/jvm/java-11-openjdk-amd64/lib/server/classes.jsa
8003b8000-800a7e000 r--p 003b9000 ca:01 527136                           /usr/lib/jvm/java-11-openjdk-amd64/lib/server/classes.jsa
800a7e000-800a7f000 rw-p 00a7f000 ca:01 527136                           /usr/lib/jvm/java-11-openjdk-amd64/lib/server/classes.jsa
800a7f000-80108b000 r--p 00a80000 ca:01 527136                           /usr/lib/jvm/java-11-openjdk-amd64/lib/server/classes.jsa
840000000-840060000 rw-p 00000000 00:00 0 
840060000-880000000 ---p 00000000 00:00 0 
55e4d8e0a000-55e4d8e0b000 r-xp 00000000 ca:01 527691                     /usr/lib/jvm/java-11-openjdk-amd64/bin/java
55e4d900b000-55e4d900c000 r--p 00001000 ca:01 527691                     /usr/lib/jvm/java-11-openjdk-amd64/bin/java
55e4d900c000-55e4d900d000 rw-p 00002000 ca:01 527691                     /usr/lib/jvm/java-11-openjdk-amd64/bin/java
55e4d9a42000-55e4d9a63000 rw-p 00000000 00:00 0                          [heap]
7f5bcc000000-7f5bcc021000 rw-p 00000000 00:00 0 
7f5bcc021000-7f5bd0000000 ---p 00000000 00:00 0 
7f5bd4000000-7f5bd4021000 rw-p 00000000 00:00 0 
7f5bd4021000-7f5bd8000000 ---p 00000000 00:00 0 
7f5bdb5e0000-7f5bdb7de000 rw-p 00000000 00:00 0 
7f5bdb7de000-7f5bdb7df000 ---p 00000000 00:00 0 
7f5bdb7df000-7f5bdbde4000 rw-p 00000000 00:00 0 
7f5bdbde4000-7f5bdc1e4000 ---p 00000000 00:00 0 
7f5bdc1e4000-7f5bdc20a000 rw-p 00000000 00:00 0 
7f5bdc20a000-7f5bdc2f0000 ---p 00000000 00:00 0 
7f5bdc2f0000-7f5bdc560000 rwxp 00000000 00:00 0 
7f5bdc560000-7f5bdc87f000 ---p 00000000 00:00 0 
7f5bdc87f000-7f5bdcaef000 rwxp 00000000 00:00 0 
7f5bdcaef000-7f5be3db7000 ---p 00000000 00:00 0 
7f5be3db7000-7f5be4027000 rwxp 00000000 00:00 0 
7f5be4027000-7f5beb2f0000 ---p 00000000 00:00 0 
7f5beb2f0000-7f5bf39e0000 r--s 00000000 ca:01 527855                     /usr/lib/jvm/java-11-openjdk-amd64/lib/modules
7f5bf39e0000-7f5bf39e5000 r-xp 00000000 ca:01 527837                     /usr/lib/jvm/java-11-openjdk-amd64/lib/libjimage.so
7f5bf39e5000-7f5bf3be4000 ---p 00005000 ca:01 527837                     /usr/lib/jvm/java-11-openjdk-amd64/lib/libjimage.so
7f5bf3be4000-7f5bf3be5000 r--p 00004000 ca:01 527837                     /usr/lib/jvm/java-11-openjdk-amd64/lib/libjimage.so
7f5bf3be5000-7f5bf3be6000 rw-p 00005000 ca:01 527837                     /usr/lib/jvm/java-11-openjdk-amd64/lib/libjimage.so
7f5bf3be6000-7f5bf3bed000 r-xp 00000000 ca:01 527854                     /usr/lib/jvm/java-11-openjdk-amd64/lib/libzip.so
7f5bf3bed000-7f5bf3dec000 ---p 00007000 ca:01 527854                     /usr/lib/jvm/java-11-openjdk-amd64/lib/libzip.so
7f5bf3dec000-7f5bf3ded000 r--p 00006000 ca:01 527854                     /usr/lib/jvm/java-11-openjdk-amd64/lib/libzip.so
7f5bf3ded000-7f5bf3dee000 rw-p 00007000 ca:01 527854                     /usr/lib/jvm/java-11-openjdk-amd64/lib/libzip.so
7f5bf3dee000-7f5bf3df9000 r-xp 00000000 ca:01 2093                       /lib/x86_64-linux-gnu/libnss_files-2.27.so
7f5bf3df9000-7f5bf3ff8000 ---p 0000b000 ca:01 2093                       /lib/x86_64-linux-gnu/libnss_files-2.27.so
7f5bf3ff8000-7f5bf3ff9000 r--p 0000a000 ca:01 2093                       /lib/x86_64-linux-gnu/libnss_files-2.27.so
7f5bf3ff9000-7f5bf3ffa000 rw-p 0000b000 ca:01 2093                       /lib/x86_64-linux-gnu/libnss_files-2.27.so
7f5bf3ffa000-7f5bf4000000 rw-p 00000000 00:00 0 
7f5bf4000000-7f5bf4054000 rw-p 00000000 00:00 0 
7f5bf4054000-7f5bf8000000 ---p 00000000 00:00 0 
7f5bf800a000-7f5bf8030000 rw-p 00000000 00:00 0 
7f5bf8030000-7f5bf8116000 ---p 00000000 00:00 0 
7f5bf8116000-7f5bf812d000 r-xp 00000000 ca:01 2090                       /lib/x86_64-linux-gnu/libnsl-2.27.so
7f5bf812d000-7f5bf832c000 ---p 00017000 ca:01 2090                       /lib/x86_64-linux-gnu/libnsl-2.27.so
7f5bf832c000-7f5bf832d000 r--p 00016000 ca:01 2090                       /lib/x86_64-linux-gnu/libnsl-2.27.so
7f5bf832d000-7f5bf832e000 rw-p 00017000 ca:01 2090                       /lib/x86_64-linux-gnu/libnsl-2.27.so
7f5bf832e000-7f5bf8330000 rw-p 00000000 00:00 0 
7f5bf8330000-7f5bf833b000 r-xp 00000000 ca:01 2095                       /lib/x86_64-linux-gnu/libnss_nis-2.27.so
7f5bf833b000-7f5bf853a000 ---p 0000b000 ca:01 2095                       /lib/x86_64-linux-gnu/libnss_nis-2.27.so
7f5bf853a000-7f5bf853b000 r--p 0000a000 ca:01 2095                       /lib/x86_64-linux-gnu/libnss_nis-2.27.so
7f5bf853b000-7f5bf853c000 rw-p 0000b000 ca:01 2095                       /lib/x86_64-linux-gnu/libnss_nis-2.27.so
7f5bf853c000-7f5bf8544000 r-xp 00000000 ca:01 2091                       /lib/x86_64-linux-gnu/libnss_compat-2.27.so
7f5bf8544000-7f5bf8744000 ---p 00008000 ca:01 2091                       /lib/x86_64-linux-gnu/libnss_compat-2.27.so
7f5bf8744000-7f5bf8745000 r--p 00008000 ca:01 2091                       /lib/x86_64-linux-gnu/libnss_compat-2.27.so
7f5bf8745000-7f5bf8746000 rw-p 00009000 ca:01 2091                       /lib/x86_64-linux-gnu/libnss_compat-2.27.so
7f5bf8746000-7f5bf876f000 r-xp 00000000 ca:01 527833                     /usr/lib/jvm/java-11-openjdk-amd64/lib/libjava.so
7f5bf876f000-7f5bf896e000 ---p 00029000 ca:01 527833                     /usr/lib/jvm/java-11-openjdk-amd64/lib/libjava.so
7f5bf896e000-7f5bf896f000 r--p 00028000 ca:01 527833                     /usr/lib/jvm/java-11-openjdk-amd64/lib/libjava.so
7f5bf896f000-7f5bf8971000 rw-p 00029000 ca:01 527833                     /usr/lib/jvm/java-11-openjdk-amd64/lib/libjava.so
7f5bf8971000-7f5bf897e000 r-xp 00000000 ca:01 527853                     /usr/lib/jvm/java-11-openjdk-amd64/lib/libverify.so
7f5bf897e000-7f5bf8b7d000 ---p 0000d000 ca:01 527853                     /usr/lib/jvm/java-11-openjdk-amd64/lib/libverify.so
7f5bf8b7d000-7f5bf8b7f000 r--p 0000c000 ca:01 527853                     /usr/lib/jvm/java-11-openjdk-amd64/lib/libverify.so
7f5bf8b7f000-7f5bf8b80000 rw-p 0000e000 ca:01 527853                     /usr/lib/jvm/java-11-openjdk-amd64/lib/libverify.so
7f5bf8b80000-7f5bf8b87000 r-xp 00000000 ca:01 2180                       /lib/x86_64-linux-gnu/librt-2.27.so
7f5bf8b87000-7f5bf8d86000 ---p 00007000 ca:01 2180                       /lib/x86_64-linux-gnu/librt-2.27.so
7f5bf8d86000-7f5bf8d87000 r--p 00006000 ca:01 2180                       /lib/x86_64-linux-gnu/librt-2.27.so
7f5bf8d87000-7f5bf8d88000 rw-p 00007000 ca:01 2180                       /lib/x86_64-linux-gnu/librt-2.27.so
7f5bf8d88000-7f5bf8d9f000 r-xp 00000000 ca:01 2096                       /lib/x86_64-linux-gnu/libgcc_s.so.1
7f5bf8d9f000-7f5bf8f9e000 ---p 00017000 ca:01 2096                       /lib/x86_64-linux-gnu/libgcc_s.so.1
7f5bf8f9e000-7f5bf8f9f000 r--p 00016000 ca:01 2096                       /lib/x86_64-linux-gnu/libgcc_s.so.1
7f5bf8f9f000-7f5bf8fa0000 rw-p 00017000 ca:01 2096                       /lib/x86_64-linux-gnu/libgcc_s.so.1
7f5bf8fa0000-7f5bf913d000 r-xp 00000000 ca:01 2087                       /lib/x86_64-linux-gnu/libm-2.27.so
7f5bf913d000-7f5bf933c000 ---p 0019d000 ca:01 2087                       /lib/x86_64-linux-gnu/libm-2.27.so
7f5bf933c000-7f5bf933d000 r--p 0019c000 ca:01 2087                       /lib/x86_64-linux-gnu/libm-2.27.so
7f5bf933d000-7f5bf933e000 rw-p 0019d000 ca:01 2087                       /lib/x86_64-linux-gnu/libm-2.27.so
7f5bf933e000-7f5bf94b7000 r-xp 00000000 ca:01 5016                       /usr/lib/x86_64-linux-gnu/libstdc++.so.6.0.25
7f5bf94b7000-7f5bf96b7000 ---p 00179000 ca:01 5016                       /usr/lib/x86_64-linux-gnu/libstdc++.so.6.0.25
7f5bf96b7000-7f5bf96c1000 r--p 00179000 ca:01 5016                       /usr/lib/x86_64-linux-gnu/libstdc++.so.6.0.25
7f5bf96c1000-7f5bf96c3000 rw-p 00183000 ca:01 5016                       /usr/lib/x86_64-linux-gnu/libstdc++.so.6.0.25
7f5bf96c3000-7f5bf96c7000 rw-p 00000000 00:00 0 
7f5bf96c7000-7f5bfa7a0000 r-xp 00000000 ca:01 527860                     /usr/lib/jvm/java-11-openjdk-amd64/lib/server/libjvm.so
7f5bfa7a0000-7f5bfa99f000 ---p 010d9000 ca:01 527860                     /usr/lib/jvm/java-11-openjdk-amd64/lib/server/libjvm.so
7f5bfa99f000-7f5bfaa5c000 r--p 010d8000 ca:01 527860                     /usr/lib/jvm/java-11-openjdk-amd64/lib/server/libjvm.so
7f5bfaa5c000-7f5bfaa96000 rw-p 01195000 ca:01 527860                     /usr/lib/jvm/java-11-openjdk-amd64/lib/server/libjvm.so
7f5bfaa96000-7f5bfaaec000 rw-p 00000000 00:00 0 
7f5bfaaec000-7f5bfab06000 r-xp 00000000 ca:01 2178                       /lib/x86_64-linux-gnu/libpthread-2.27.so
7f5bfab06000-7f5bfad05000 ---p 0001a000 ca:01 2178                       /lib/x86_64-linux-gnu/libpthread-2.27.so
7f5bfad05000-7f5bfad06000 r--p 00019000 ca:01 2178                       /lib/x86_64-linux-gnu/libpthread-2.27.so
7f5bfad06000-7f5bfad07000 rw-p 0001a000 ca:01 2178                       /lib/x86_64-linux-gnu/libpthread-2.27.so
7f5bfad07000-7f5bfad0b000 rw-p 00000000 00:00 0 
7f5bfad0b000-7f5bfad0e000 r-xp 00000000 ca:01 2086                       /lib/x86_64-linux-gnu/libdl-2.27.so
7f5bfad0e000-7f5bfaf0d000 ---p 00003000 ca:01 2086                       /lib/x86_64-linux-gnu/libdl-2.27.so
7f5bfaf0d000-7f5bfaf0e000 r--p 00002000 ca:01 2086                       /lib/x86_64-linux-gnu/libdl-2.27.so
7f5bfaf0e000-7f5bfaf0f000 rw-p 00003000 ca:01 2086                       /lib/x86_64-linux-gnu/libdl-2.27.so
7f5bfaf0f000-7f5bfaf2b000 r-xp 00000000 ca:01 2183                       /lib/x86_64-linux-gnu/libz.so.1.2.11
7f5bfaf2b000-7f5bfb12a000 ---p 0001c000 ca:01 2183                       /lib/x86_64-linux-gnu/libz.so.1.2.11
7f5bfb12a000-7f5bfb12b000 r--p 0001b000 ca:01 2183                       /lib/x86_64-linux-gnu/libz.so.1.2.11
7f5bfb12b000-7f5bfb12c000 rw-p 0001c000 ca:01 2183                       /lib/x86_64-linux-gnu/libz.so.1.2.11
7f5bfb12c000-7f5bfb313000 r-xp 00000000 ca:01 2083                       /lib/x86_64-linux-gnu/libc-2.27.so
7f5bfb313000-7f5bfb513000 ---p 001e7000 ca:01 2083                       /lib/x86_64-linux-gnu/libc-2.27.so
7f5bfb513000-7f5bfb517000 r--p 001e7000 ca:01 2083                       /lib/x86_64-linux-gnu/libc-2.27.so
7f5bfb517000-7f5bfb519000 rw-p 001eb000 ca:01 2083                       /lib/x86_64-linux-gnu/libc-2.27.so
7f5bfb519000-7f5bfb51d000 rw-p 00000000 00:00 0 
7f5bfb51d000-7f5bfb52d000 r-xp 00000000 ca:01 527817                     /usr/lib/jvm/java-11-openjdk-amd64/lib/jli/libjli.so
7f5bfb52d000-7f5bfb72c000 ---p 00010000 ca:01 527817                     /usr/lib/jvm/java-11-openjdk-amd64/lib/jli/libjli.so
7f5bfb72c000-7f5bfb72d000 r--p 0000f000 ca:01 527817                     /usr/lib/jvm/java-11-openjdk-amd64/lib/jli/libjli.so
7f5bfb72d000-7f5bfb72e000 rw-p 00010000 ca:01 527817                     /usr/lib/jvm/java-11-openjdk-amd64/lib/jli/libjli.so
7f5bfb72e000-7f5bfb755000 r-xp 00000000 ca:01 2079                       /lib/x86_64-linux-gnu/ld-2.27.so
7f5bfb769000-7f5bfb76f000 rw-p 00000000 00:00 0 
7f5bfb76f000-7f5bfb7bc000 ---p 00000000 00:00 0 
7f5bfb7bc000-7f5bfb7bf000 rw-p 00000000 00:00 0 
7f5bfb7bf000-7f5bfb7e5000 ---p 00000000 00:00 0 
7f5bfb7e5000-7f5bfb7eb000 rw-p 00000000 00:00 0 
7f5bfb7eb000-7f5bfb837000 ---p 00000000 00:00 0 
7f5bfb837000-7f5bfb83d000 rw-p 00000000 00:00 0 
7f5bfb83d000-7f5bfb844000 ---p 00000000 00:00 0 
7f5bfb844000-7f5bfb846000 r--s 00007000 ca:01 56100                      /usr/share/java/java-atk-wrapper.jar
7f5bfb846000-7f5bfb84a000 ---p 00000000 00:00 0 
7f5bfb84a000-7f5bfb949000 rw-p 00000000 00:00 0 
7f5bfb949000-7f5bfb951000 rw-s 00000000 ca:01 91352                      /tmp/hsperfdata_ubuntu/3761
7f5bfb951000-7f5bfb952000 ---p 00000000 00:00 0 
7f5bfb952000-7f5bfb953000 r--p 00000000 00:00 0 
7f5bfb953000-7f5bfb955000 rw-p 00000000 00:00 0 
7f5bfb955000-7f5bfb956000 r--p 00027000 ca:01 2079                       /lib/x86_64-linux-gnu/ld-2.27.so
7f5bfb956000-7f5bfb957000 rw-p 00028000 ca:01 2079                       /lib/x86_64-linux-gnu/ld-2.27.so
7f5bfb957000-7f5bfb958000 rw-p 00000000 00:00 0 
7ffe91553000-7ffe91574000 rw-p 00000000 00:00 0                          [stack]
7ffe915ab000-7ffe915ae000 r--p 00000000 00:00 0                          [vvar]
7ffe915ae000-7ffe915b0000 r-xp 00000000 00:00 0                          [vdso]
ffffffffff600000-ffffffffff601000 r-xp 00000000 00:00 0                  [vsyscall]


VM Arguments:
jvm_args: -Dclassworlds.conf=/usr/share/maven/bin/m2.conf -Dmaven.home=/usr/share/maven -Dlibrary.jansi.path=/usr/share/maven/lib/jansi-native -Dmaven.multiModuleProjectDirectory=/home/ubuntu/finalapp/k 
java_command: org.codehaus.plexus.classworlds.launcher.Launcher jetty:run
java_class_path (initial): /usr/share/maven/boot/plexus-classworlds-2.x.jar
Launcher Type: SUN_STANDARD

[Global flags]
     intx CICompilerCount                          = 2                                         {product} {ergonomic}
   size_t InitialHeapSize                          = 16777216                                  {product} {ergonomic}
   size_t MaxHeapSize                              = 257949696                                 {product} {ergonomic}
   size_t MaxNewSize                               = 85983232                                  {product} {ergonomic}
   size_t MinHeapDeltaBytes                        = 196608                                    {product} {ergonomic}
   size_t NewSize                                  = 5570560                                   {product} {ergonomic}
    uintx NonNMethodCodeHeapSize                   = 5825164                                {pd product} {ergonomic}
    uintx NonProfiledCodeHeapSize                  = 122916538                              {pd product} {ergonomic}
   size_t OldSize                                  = 11206656                                  {product} {ergonomic}
    uintx ProfiledCodeHeapSize                     = 122916538                              {pd product} {ergonomic}
    uintx ReservedCodeCacheSize                    = 251658240                              {pd product} {ergonomic}
     bool SegmentedCodeCache                       = true                                      {product} {ergonomic}
     bool UseCompressedClassPointers               = true                                 {lp64_product} {ergonomic}
     bool UseCompressedOops                        = true                                 {lp64_product} {ergonomic}
     bool UseSerialGC                              = true                                      {product} {ergonomic}

Logging:
Log output configuration:
 #0: stdout all=warning uptime,level,tags
 #1: stderr all=off uptime,level,tags

Environment Variables:
PATH=/usr/bin:/bin
SHELL=/bin/sh

Signal Handlers:
SIGSEGV: [libjvm.so+0xdf1470], sa_mask[0]=11111111011111111101111111111110, sa_flags=SA_RESTART|SA_SIGINFO
SIGBUS: [libjvm.so+0xdf1470], sa_mask[0]=11111111011111111101111111111110, sa_flags=SA_RESTART|SA_SIGINFO
SIGFPE: [libjvm.so+0xdf1470], sa_mask[0]=11111111011111111101111111111110, sa_flags=SA_RESTART|SA_SIGINFO
SIGPIPE: [libjvm.so+0xbc5560], sa_mask[0]=11111111011111111101111111111110, sa_flags=SA_RESTART|SA_SIGINFO
SIGXFSZ: [libjvm.so+0xbc5560], sa_mask[0]=11111111011111111101111111111110, sa_flags=SA_RESTART|SA_SIGINFO
SIGILL: [libjvm.so+0xdf1470], sa_mask[0]=11111111011111111101111111111110, sa_flags=SA_RESTART|SA_SIGINFO
SIGUSR2: [libjvm.so+0xbc5400], sa_mask[0]=00000000000000000000000000000000, sa_flags=SA_RESTART|SA_SIGINFO
SIGHUP: SIG_DFL, sa_mask[0]=00000000000000000000000000000000, sa_flags=none
SIGINT: SIG_DFL, sa_mask[0]=00000000000000000000000000000000, sa_flags=none
SIGTERM: SIG_DFL, sa_mask[0]=00000000000000000000000000000000, sa_flags=none
SIGQUIT: SIG_DFL, sa_mask[0]=00000000000000000000000000000000, sa_flags=none


---------------  S Y S T E M  ---------------

OS:DISTRIB_ID=Ubuntu
DISTRIB_RELEASE=18.04
DISTRIB_CODENAME=bionic
DISTRIB_DESCRIPTION="Ubuntu 18.04.4 LTS"
uname:Linux 4.15.0-1060-aws #62-Ubuntu SMP Tue Feb 11 21:23:22 UTC 2020 x86_64
libc:glibc 2.27 NPTL 2.27 
rlimit: STACK 8192k, CORE 0k, NPROC 3839, NOFILE 1048576, AS infinity, DATA infinity, FSIZE infinity
load average:233.81 212.74 188.18

/proc/meminfo:
MemTotal:        1007300 kB
MemFree:           49288 kB
MemAvailable:      15260 kB
Buffers:            5836 kB
Cached:            53504 kB
SwapCached:            0 kB
Active:           783708 kB
Inactive:          29168 kB
Active(anon):     757636 kB
Inactive(anon):      168 kB
Active(file):      26072 kB
Inactive(file):    29000 kB
Unevictable:           0 kB
Mlocked:               0 kB
SwapTotal:             0 kB
SwapFree:              0 kB
Dirty:              2616 kB
Writeback:             0 kB
AnonPages:        757068 kB
Mapped:            40932 kB
Shmem:               752 kB
Slab:              64632 kB
SReclaimable:      19556 kB
SUnreclaim:        45076 kB
KernelStack:       14784 kB
PageTables:        34472 kB
NFS_Unstable:          0 kB
Bounce:                0 kB
WritebackTmp:          0 kB
CommitLimit:      503648 kB
Committed_AS:    3759428 kB
VmallocTotal:   34359738367 kB
VmallocUsed:           0 kB
VmallocChunk:          0 kB
HardwareCorrupted:     0 kB
AnonHugePages:         0 kB
ShmemHugePages:        0 kB
ShmemPmdMapped:        0 kB
CmaTotal:              0 kB
CmaFree:               0 kB
HugePages_Total:       0
HugePages_Free:        0
HugePages_Rsvd:        0
HugePages_Surp:        0
Hugepagesize:       2048 kB
DirectMap4k:       69632 kB
DirectMap2M:      978944 kB


/proc/sys/kernel/threads-max (system-wide limit on the number of threads):
7679


/proc/sys/vm/max_map_count (maximum number of memory map areas a process may have):
65530


/proc/sys/kernel/pid_max (system-wide limit on number of process identifiers):
32768



container (cgroup) information:
container_type: cgroupv1
cpu_cpuset_cpus: 0
cpu_memory_nodes: 0
active_processor_count: 1
cpu_quota: -1
cpu_period: 100000
cpu_shares: -1
memory_limit_in_bytes: -1
memory_and_swap_limit_in_bytes: -2
memory_soft_limit_in_bytes: -1
memory_usage_in_bytes: 764968960
memory_max_usage_in_bytes: 764985344

Xen hardware-assisted virtualization detected
Steal ticks since vm start: 127131
Steal ticks percentage since vm start:  0.894

CPU:total 1 (initial active 1) (1 cores per cpu, 1 threads per core) family 6 model 63 stepping 2, cmov, cx8, fxsr, mmx, sse, sse2, sse3, ssse3, sse4.1, sse4.2, popcnt, avx, avx2, aes, clmul, erms, lzcnt, tsc, bmi1, bmi2, fma
CPU Model and flags from /proc/cpuinfo:
model name	: Intel(R) Xeon(R) CPU E5-2676 v3 @ 2.40GHz
flags		: fpu vme de pse tsc msr pae mce cx8 apic sep mtrr pge mca cmov pat pse36 clflush mmx fxsr sse sse2 ht syscall nx rdtscp lm constant_tsc rep_good nopl xtopology cpuid pni pclmulqdq ssse3 fma cx16 pcid sse4_1 sse4_2 x2apic movbe popcnt tsc_deadline_timer aes xsave avx f16c rdrand hypervisor lahf_lm abm cpuid_fault invpcid_single pti fsgsbase bmi1 avx2 smep bmi2 erms invpcid xsaveopt

Memory: 4k page, physical 1007300k(49288k free), swap 0k(0k free)

vm_info: OpenJDK 64-Bit Server VM (11.0.6+10-post-Ubuntu-1ubuntu118.04.1) for linux-amd64 JRE (11.0.6+10-post-Ubuntu-1ubuntu118.04.1), built on Jan 15 2020 15:14:00 by "unknown" with gcc 7.4.0

END.
