#
# There is insufficient memory for the Java Runtime Environment to continue.
# Native memory allocation (mmap) failed to map 11206656 bytes for committing reserved memory.
# Possible reasons:
#   The system is out of physical RAM or swap space
#   The process is running with CompressedOops enabled, and the Java Heap may be blocking the growth of the native heap
# Possible solutions:
#   Reduce memory load on the system
#   Increase physical memory or swap space
#   Check if swap backing store is full
#   Decrease Java heap size (-Xmx/-Xms)
#   Decrease number of Java threads
#   Decrease Java thread stack sizes (-Xss)
#   Set larger code cache with -XX:ReservedCodeCacheSize=
# This output file may be truncated or incomplete.
#
#  Out of Memory Error (os_linux.cpp:2852), pid=3690, tid=3812
#
# JRE version:  (11.0.6+10) (build )
# Java VM: OpenJDK 64-Bit Server VM (11.0.6+10-post-Ubuntu-1ubuntu118.04.1, mixed mode, sharing, tiered, compressed oops, serial gc, linux-amd64)
# Core dump will be written. Default location: Core dumps may be processed with "/usr/share/apport/apport %p %s %c %d %P" (or dumping to /home/ubuntu/finalapp/k/core.3690)
#

---------------  S U M M A R Y ------------

Command Line: -Dclassworlds.conf=/usr/share/maven/bin/m2.conf -Dmaven.home=/usr/share/maven -Dlibrary.jansi.path=/usr/share/maven/lib/jansi-native -Dmaven.multiModuleProjectDirectory=/home/ubuntu/finalapp/k org.codehaus.plexus.classworlds.launcher.Launcher jetty:run

Host: Intel(R) Xeon(R) CPU E5-2676 v3 @ 2.40GHz, 1 cores, 983M, Ubuntu 18.04.4 LTS
Time: Fri Feb 21 12:03:37 2020 UTC elapsed time: 141 seconds (0d 0h 2m 21s)

---------------  T H R E A D  ---------------

Current thread (0x00007ff194014000):  JavaThread "Unknown thread" [_thread_in_vm, id=3812, stack(0x00007ff19c153000,0x00007ff19c254000)]

Stack: [0x00007ff19c153000,0x00007ff19c254000],  sp=0x00007ff19c252300,  free space=1020k
Native frames: (J=compiled Java code, A=aot compiled Java code, j=interpreted, Vv=VM code, C=native code)
V  [libjvm.so+0xdefa33]
V  [libjvm.so+0xdf06bb]
V  [libjvm.so+0x6508a5]
V  [libjvm.so+0xbc94b2]
V  [libjvm.so+0xbc134f]
V  [libjvm.so+0xde6b8b]
V  [libjvm.so+0x7c1f59]
V  [libjvm.so+0x515de9]
V  [libjvm.so+0xd76a4b]
V  [libjvm.so+0x7c2cc9]
V  [libjvm.so+0x7ac40c]
V  [libjvm.so+0xdaa0a2]
V  [libjvm.so+0xdaa336]
V  [libjvm.so+0x817157]
V  [libjvm.so+0xd81ac7]
V  [libjvm.so+0x8d1671]  JNI_CreateJavaVM+0x51
C  [libjli.so+0x4a66]
C  [libjli.so+0x92cd]


---------------  P R O C E S S  ---------------

Threads class SMR info:
_java_thread_list=0x000055b6a9d73130, length=0, elements={
}

Java Threads: ( => current thread )

Other Threads:

=>0x00007ff194014000 (exited) JavaThread "Unknown thread" [_thread_in_vm, id=3812, stack(0x00007ff19c153000,0x00007ff19c254000)]

Threads with active compile tasks:

VM state:not at safepoint (not fully initialized)

VM Mutex/Monitor currently owned by a thread: None

Heap address: 0x00000000f0a00000, size: 246 MB, Compressed Oops mode: Non-zero based: 0x00000000f0a00000
Narrow klass base: 0x0000000000000000, Narrow klass shift: 0

GC Heap History (0 events):
No events

Deoptimization events (0 events):
No events

Classes redefined (0 events):
No events

Internal exceptions (0 events):
No events

Events (3 events):
Event: 20.278 Protecting memory [0x00007ff19c153000,0x00007ff19c157000] with protection modes 0
Event: 20.445 Loaded shared library /usr/lib/jvm/java-11-openjdk-amd64/lib/libzip.so
Event: 20.772 Loaded shared library /usr/lib/jvm/java-11-openjdk-amd64/lib/libjimage.so


Dynamic libraries:
f0a00000-f0f50000 rw-p 00000000 00:00 0 
f0f50000-f5c00000 ---p 00000000 00:00 0 
f66b0000-100000000 ---p 00000000 00:00 0 
55b6a83db000-55b6a83dc000 r-xp 00000000 ca:01 527691                     /usr/lib/jvm/java-11-openjdk-amd64/bin/java
55b6a85dc000-55b6a85dd000 r--p 00001000 ca:01 527691                     /usr/lib/jvm/java-11-openjdk-amd64/bin/java
55b6a85dd000-55b6a85de000 rw-p 00002000 ca:01 527691                     /usr/lib/jvm/java-11-openjdk-amd64/bin/java
55b6a9d5b000-55b6a9d7c000 rw-p 00000000 00:00 0                          [heap]
7ff17c910000-7ff17cb80000 rwxp 00000000 00:00 0 
7ff17cb80000-7ff17ce9f000 ---p 00000000 00:00 0 
7ff17ce9f000-7ff17d10f000 rwxp 00000000 00:00 0 
7ff17d10f000-7ff1843d7000 ---p 00000000 00:00 0 
7ff1843d7000-7ff184647000 rwxp 00000000 00:00 0 
7ff184647000-7ff18b910000 ---p 00000000 00:00 0 
7ff18b910000-7ff194000000 r--s 00000000 ca:01 527855                     /usr/lib/jvm/java-11-openjdk-amd64/lib/modules
7ff194000000-7ff194034000 rw-p 00000000 00:00 0 
7ff194034000-7ff198000000 ---p 00000000 00:00 0 
7ff19822d000-7ff198232000 rw-p 00000000 00:00 0 
7ff198232000-7ff198318000 ---p 00000000 00:00 0 
7ff198318000-7ff19831d000 rw-p 00000000 00:00 0 
7ff19831d000-7ff198403000 ---p 00000000 00:00 0 
7ff198403000-7ff198408000 r-xp 00000000 ca:01 527837                     /usr/lib/jvm/java-11-openjdk-amd64/lib/libjimage.so
7ff198408000-7ff198607000 ---p 00005000 ca:01 527837                     /usr/lib/jvm/java-11-openjdk-amd64/lib/libjimage.so
7ff198607000-7ff198608000 r--p 00004000 ca:01 527837                     /usr/lib/jvm/java-11-openjdk-amd64/lib/libjimage.so
7ff198608000-7ff198609000 rw-p 00005000 ca:01 527837                     /usr/lib/jvm/java-11-openjdk-amd64/lib/libjimage.so
7ff198609000-7ff198610000 r-xp 00000000 ca:01 527854                     /usr/lib/jvm/java-11-openjdk-amd64/lib/libzip.so
7ff198610000-7ff19880f000 ---p 00007000 ca:01 527854                     /usr/lib/jvm/java-11-openjdk-amd64/lib/libzip.so
7ff19880f000-7ff198810000 r--p 00006000 ca:01 527854                     /usr/lib/jvm/java-11-openjdk-amd64/lib/libzip.so
7ff198810000-7ff198811000 rw-p 00007000 ca:01 527854                     /usr/lib/jvm/java-11-openjdk-amd64/lib/libzip.so
7ff198811000-7ff19881c000 r-xp 00000000 ca:01 2093                       /lib/x86_64-linux-gnu/libnss_files-2.27.so
7ff19881c000-7ff198a1b000 ---p 0000b000 ca:01 2093                       /lib/x86_64-linux-gnu/libnss_files-2.27.so
7ff198a1b000-7ff198a1c000 r--p 0000a000 ca:01 2093                       /lib/x86_64-linux-gnu/libnss_files-2.27.so
7ff198a1c000-7ff198a1d000 rw-p 0000b000 ca:01 2093                       /lib/x86_64-linux-gnu/libnss_files-2.27.so
7ff198a1d000-7ff198a23000 rw-p 00000000 00:00 0 
7ff198a23000-7ff198a3a000 r-xp 00000000 ca:01 2090                       /lib/x86_64-linux-gnu/libnsl-2.27.so
7ff198a3a000-7ff198c39000 ---p 00017000 ca:01 2090                       /lib/x86_64-linux-gnu/libnsl-2.27.so
7ff198c39000-7ff198c3a000 r--p 00016000 ca:01 2090                       /lib/x86_64-linux-gnu/libnsl-2.27.so
7ff198c3a000-7ff198c3b000 rw-p 00017000 ca:01 2090                       /lib/x86_64-linux-gnu/libnsl-2.27.so
7ff198c3b000-7ff198c3d000 rw-p 00000000 00:00 0 
7ff198c3d000-7ff198c48000 r-xp 00000000 ca:01 2095                       /lib/x86_64-linux-gnu/libnss_nis-2.27.so
7ff198c48000-7ff198e47000 ---p 0000b000 ca:01 2095                       /lib/x86_64-linux-gnu/libnss_nis-2.27.so
7ff198e47000-7ff198e48000 r--p 0000a000 ca:01 2095                       /lib/x86_64-linux-gnu/libnss_nis-2.27.so
7ff198e48000-7ff198e49000 rw-p 0000b000 ca:01 2095                       /lib/x86_64-linux-gnu/libnss_nis-2.27.so
7ff198e49000-7ff198e51000 r-xp 00000000 ca:01 2091                       /lib/x86_64-linux-gnu/libnss_compat-2.27.so
7ff198e51000-7ff199051000 ---p 00008000 ca:01 2091                       /lib/x86_64-linux-gnu/libnss_compat-2.27.so
7ff199051000-7ff199052000 r--p 00008000 ca:01 2091                       /lib/x86_64-linux-gnu/libnss_compat-2.27.so
7ff199052000-7ff199053000 rw-p 00009000 ca:01 2091                       /lib/x86_64-linux-gnu/libnss_compat-2.27.so
7ff199053000-7ff19907c000 r-xp 00000000 ca:01 527833                     /usr/lib/jvm/java-11-openjdk-amd64/lib/libjava.so
7ff19907c000-7ff19927b000 ---p 00029000 ca:01 527833                     /usr/lib/jvm/java-11-openjdk-amd64/lib/libjava.so
7ff19927b000-7ff19927c000 r--p 00028000 ca:01 527833                     /usr/lib/jvm/java-11-openjdk-amd64/lib/libjava.so
7ff19927c000-7ff19927e000 rw-p 00029000 ca:01 527833                     /usr/lib/jvm/java-11-openjdk-amd64/lib/libjava.so
7ff19927e000-7ff19928b000 r-xp 00000000 ca:01 527853                     /usr/lib/jvm/java-11-openjdk-amd64/lib/libverify.so
7ff19928b000-7ff19948a000 ---p 0000d000 ca:01 527853                     /usr/lib/jvm/java-11-openjdk-amd64/lib/libverify.so
7ff19948a000-7ff19948c000 r--p 0000c000 ca:01 527853                     /usr/lib/jvm/java-11-openjdk-amd64/lib/libverify.so
7ff19948c000-7ff19948d000 rw-p 0000e000 ca:01 527853                     /usr/lib/jvm/java-11-openjdk-amd64/lib/libverify.so
7ff19948d000-7ff199494000 r-xp 00000000 ca:01 2180                       /lib/x86_64-linux-gnu/librt-2.27.so
7ff199494000-7ff199693000 ---p 00007000 ca:01 2180                       /lib/x86_64-linux-gnu/librt-2.27.so
7ff199693000-7ff199694000 r--p 00006000 ca:01 2180                       /lib/x86_64-linux-gnu/librt-2.27.so
7ff199694000-7ff199695000 rw-p 00007000 ca:01 2180                       /lib/x86_64-linux-gnu/librt-2.27.so
7ff199695000-7ff1996ac000 r-xp 00000000 ca:01 2096                       /lib/x86_64-linux-gnu/libgcc_s.so.1
7ff1996ac000-7ff1998ab000 ---p 00017000 ca:01 2096                       /lib/x86_64-linux-gnu/libgcc_s.so.1
7ff1998ab000-7ff1998ac000 r--p 00016000 ca:01 2096                       /lib/x86_64-linux-gnu/libgcc_s.so.1
7ff1998ac000-7ff1998ad000 rw-p 00017000 ca:01 2096                       /lib/x86_64-linux-gnu/libgcc_s.so.1
7ff1998ad000-7ff199a4a000 r-xp 00000000 ca:01 2087                       /lib/x86_64-linux-gnu/libm-2.27.so
7ff199a4a000-7ff199c49000 ---p 0019d000 ca:01 2087                       /lib/x86_64-linux-gnu/libm-2.27.so
7ff199c49000-7ff199c4a000 r--p 0019c000 ca:01 2087                       /lib/x86_64-linux-gnu/libm-2.27.so
7ff199c4a000-7ff199c4b000 rw-p 0019d000 ca:01 2087                       /lib/x86_64-linux-gnu/libm-2.27.so
7ff199c4b000-7ff199dc4000 r-xp 00000000 ca:01 5016                       /usr/lib/x86_64-linux-gnu/libstdc++.so.6.0.25
7ff199dc4000-7ff199fc4000 ---p 00179000 ca:01 5016                       /usr/lib/x86_64-linux-gnu/libstdc++.so.6.0.25
7ff199fc4000-7ff199fce000 r--p 00179000 ca:01 5016                       /usr/lib/x86_64-linux-gnu/libstdc++.so.6.0.25
7ff199fce000-7ff199fd0000 rw-p 00183000 ca:01 5016                       /usr/lib/x86_64-linux-gnu/libstdc++.so.6.0.25
7ff199fd0000-7ff199fd4000 rw-p 00000000 00:00 0 
7ff199fd4000-7ff19b0ad000 r-xp 00000000 ca:01 527860                     /usr/lib/jvm/java-11-openjdk-amd64/lib/server/libjvm.so
7ff19b0ad000-7ff19b2ac000 ---p 010d9000 ca:01 527860                     /usr/lib/jvm/java-11-openjdk-amd64/lib/server/libjvm.so
7ff19b2ac000-7ff19b369000 r--p 010d8000 ca:01 527860                     /usr/lib/jvm/java-11-openjdk-amd64/lib/server/libjvm.so
7ff19b369000-7ff19b3a3000 rw-p 01195000 ca:01 527860                     /usr/lib/jvm/java-11-openjdk-amd64/lib/server/libjvm.so
7ff19b3a3000-7ff19b3f9000 rw-p 00000000 00:00 0 
7ff19b3f9000-7ff19b413000 r-xp 00000000 ca:01 2178                       /lib/x86_64-linux-gnu/libpthread-2.27.so
7ff19b413000-7ff19b612000 ---p 0001a000 ca:01 2178                       /lib/x86_64-linux-gnu/libpthread-2.27.so
7ff19b612000-7ff19b613000 r--p 00019000 ca:01 2178                       /lib/x86_64-linux-gnu/libpthread-2.27.so
7ff19b613000-7ff19b614000 rw-p 0001a000 ca:01 2178                       /lib/x86_64-linux-gnu/libpthread-2.27.so
7ff19b614000-7ff19b618000 rw-p 00000000 00:00 0 
7ff19b618000-7ff19b61b000 r-xp 00000000 ca:01 2086                       /lib/x86_64-linux-gnu/libdl-2.27.so
7ff19b61b000-7ff19b81a000 ---p 00003000 ca:01 2086                       /lib/x86_64-linux-gnu/libdl-2.27.so
7ff19b81a000-7ff19b81b000 r--p 00002000 ca:01 2086                       /lib/x86_64-linux-gnu/libdl-2.27.so
7ff19b81b000-7ff19b81c000 rw-p 00003000 ca:01 2086                       /lib/x86_64-linux-gnu/libdl-2.27.so
7ff19b81c000-7ff19b838000 r-xp 00000000 ca:01 2183                       /lib/x86_64-linux-gnu/libz.so.1.2.11
7ff19b838000-7ff19ba37000 ---p 0001c000 ca:01 2183                       /lib/x86_64-linux-gnu/libz.so.1.2.11
7ff19ba37000-7ff19ba38000 r--p 0001b000 ca:01 2183                       /lib/x86_64-linux-gnu/libz.so.1.2.11
7ff19ba38000-7ff19ba39000 rw-p 0001c000 ca:01 2183                       /lib/x86_64-linux-gnu/libz.so.1.2.11
7ff19ba39000-7ff19bc20000 r-xp 00000000 ca:01 2083                       /lib/x86_64-linux-gnu/libc-2.27.so
7ff19bc20000-7ff19be20000 ---p 001e7000 ca:01 2083                       /lib/x86_64-linux-gnu/libc-2.27.so
7ff19be20000-7ff19be24000 r--p 001e7000 ca:01 2083                       /lib/x86_64-linux-gnu/libc-2.27.so
7ff19be24000-7ff19be26000 rw-p 001eb000 ca:01 2083                       /lib/x86_64-linux-gnu/libc-2.27.so
7ff19be26000-7ff19be2a000 rw-p 00000000 00:00 0 
7ff19be2a000-7ff19be3a000 r-xp 00000000 ca:01 527817                     /usr/lib/jvm/java-11-openjdk-amd64/lib/jli/libjli.so
7ff19be3a000-7ff19c039000 ---p 00010000 ca:01 527817                     /usr/lib/jvm/java-11-openjdk-amd64/lib/jli/libjli.so
7ff19c039000-7ff19c03a000 r--p 0000f000 ca:01 527817                     /usr/lib/jvm/java-11-openjdk-amd64/lib/jli/libjli.so
7ff19c03a000-7ff19c03b000 rw-p 00010000 ca:01 527817                     /usr/lib/jvm/java-11-openjdk-amd64/lib/jli/libjli.so
7ff19c03b000-7ff19c062000 r-xp 00000000 ca:01 2079                       /lib/x86_64-linux-gnu/ld-2.27.so
7ff19c0c9000-7ff19c0cc000 rw-p 00000000 00:00 0 
7ff19c0cc000-7ff19c144000 ---p 00000000 00:00 0 
7ff19c144000-7ff19c14a000 rw-p 00000000 00:00 0 
7ff19c14a000-7ff19c151000 ---p 00000000 00:00 0 
7ff19c151000-7ff19c153000 r--s 00007000 ca:01 56100                      /usr/share/java/java-atk-wrapper.jar
7ff19c153000-7ff19c157000 ---p 00000000 00:00 0 
7ff19c157000-7ff19c256000 rw-p 00000000 00:00 0 
7ff19c256000-7ff19c25e000 rw-s 00000000 ca:01 91323                      /tmp/hsperfdata_ubuntu/3690
7ff19c25e000-7ff19c25f000 ---p 00000000 00:00 0 
7ff19c25f000-7ff19c260000 r--p 00000000 00:00 0 
7ff19c260000-7ff19c262000 rw-p 00000000 00:00 0 
7ff19c262000-7ff19c263000 r--p 00027000 ca:01 2079                       /lib/x86_64-linux-gnu/ld-2.27.so
7ff19c263000-7ff19c264000 rw-p 00028000 ca:01 2079                       /lib/x86_64-linux-gnu/ld-2.27.so
7ff19c264000-7ff19c265000 rw-p 00000000 00:00 0 
7fff8a132000-7fff8a153000 rw-p 00000000 00:00 0                          [stack]
7fff8a16f000-7fff8a172000 r--p 00000000 00:00 0                          [vvar]
7fff8a172000-7fff8a174000 r-xp 00000000 00:00 0                          [vdso]
ffffffffff600000-ffffffffff601000 r-xp 00000000 00:00 0                  [vsyscall]


VM Arguments:
jvm_args: -Dclassworlds.conf=/usr/share/maven/bin/m2.conf -Dmaven.home=/usr/share/maven -Dlibrary.jansi.path=/usr/share/maven/lib/jansi-native -Dmaven.multiModuleProjectDirectory=/home/ubuntu/finalapp/k 
java_command: org.codehaus.plexus.classworlds.launcher.Launcher jetty:run
java_class_path (initial): /usr/share/maven/boot/plexus-classworlds-2.x.jar
Launcher Type: SUN_STANDARD

[Global flags]
     intx CICompilerCount                          = 2                                         {product} {ergonomic}
   size_t InitialHeapSize                          = 16777216                                  {product} {ergonomic}
   size_t MaxHeapSize                              = 257949696                                 {product} {ergonomic}
   size_t MaxNewSize                               = 85983232                                  {product} {ergonomic}
   size_t MinHeapDeltaBytes                        = 196608                                    {product} {ergonomic}
   size_t NewSize                                  = 5570560                                   {product} {ergonomic}
    uintx NonNMethodCodeHeapSize                   = 5825164                                {pd product} {ergonomic}
    uintx NonProfiledCodeHeapSize                  = 122916538                              {pd product} {ergonomic}
   size_t OldSize                                  = 11206656                                  {product} {ergonomic}
    uintx ProfiledCodeHeapSize                     = 122916538                              {pd product} {ergonomic}
    uintx ReservedCodeCacheSize                    = 251658240                              {pd product} {ergonomic}
     bool SegmentedCodeCache                       = true                                      {product} {ergonomic}
     bool UseCompressedClassPointers               = true                                 {lp64_product} {ergonomic}
     bool UseCompressedOops                        = true                                 {lp64_product} {ergonomic}
     bool UseSerialGC                              = true                                      {product} {ergonomic}

Logging:
Log output configuration:
 #0: stdout all=warning uptime,level,tags
 #1: stderr all=off uptime,level,tags

Environment Variables:
PATH=/usr/bin:/bin
SHELL=/bin/sh

Signal Handlers:
SIGSEGV: [libjvm.so+0xdf1470], sa_mask[0]=11111111011111111101111111111110, sa_flags=SA_RESTART|SA_SIGINFO
SIGBUS: [libjvm.so+0xdf1470], sa_mask[0]=11111111011111111101111111111110, sa_flags=SA_RESTART|SA_SIGINFO
SIGFPE: [libjvm.so+0xdf1470], sa_mask[0]=11111111011111111101111111111110, sa_flags=SA_RESTART|SA_SIGINFO
SIGPIPE: [libjvm.so+0xbc5560], sa_mask[0]=11111111011111111101111111111110, sa_flags=SA_RESTART|SA_SIGINFO
SIGXFSZ: [libjvm.so+0xbc5560], sa_mask[0]=11111111011111111101111111111110, sa_flags=SA_RESTART|SA_SIGINFO
SIGILL: [libjvm.so+0xdf1470], sa_mask[0]=11111111011111111101111111111110, sa_flags=SA_RESTART|SA_SIGINFO
SIGUSR2: [libjvm.so+0xbc5400], sa_mask[0]=00000000000000000000000000000000, sa_flags=SA_RESTART|SA_SIGINFO
SIGHUP: SIG_DFL, sa_mask[0]=00000000000000000000000000000000, sa_flags=none
SIGINT: SIG_DFL, sa_mask[0]=00000000000000000000000000000000, sa_flags=none
SIGTERM: SIG_DFL, sa_mask[0]=00000000000000000000000000000000, sa_flags=none
SIGQUIT: SIG_DFL, sa_mask[0]=00000000000000000000000000000000, sa_flags=none


---------------  S Y S T E M  ---------------

OS:DISTRIB_ID=Ubuntu
DISTRIB_RELEASE=18.04
DISTRIB_CODENAME=bionic
DISTRIB_DESCRIPTION="Ubuntu 18.04.4 LTS"
uname:Linux 4.15.0-1060-aws #62-Ubuntu SMP Tue Feb 11 21:23:22 UTC 2020 x86_64
libc:glibc 2.27 NPTL 2.27 
rlimit: STACK 8192k, CORE 0k, NPROC 3839, NOFILE 1048576, AS infinity, DATA infinity, FSIZE infinity
load average:171.86 170.56 149.27

/proc/meminfo:
MemTotal:        1007300 kB
MemFree:           50060 kB
MemAvailable:          0 kB
Buffers:             212 kB
Cached:             7788 kB
SwapCached:            0 kB
Active:           822072 kB
Inactive:           4152 kB
Active(anon):     819564 kB
Inactive(anon):      160 kB
Active(file):       2508 kB
Inactive(file):     3992 kB
Unevictable:           0 kB
Mlocked:               0 kB
SwapTotal:             0 kB
SwapFree:              0 kB
Dirty:               244 kB
Writeback:            52 kB
AnonPages:        818976 kB
Mapped:             4924 kB
Shmem:               748 kB
Slab:              64004 kB
SReclaimable:      20176 kB
SUnreclaim:        43828 kB
KernelStack:       12976 kB
PageTables:        27352 kB
NFS_Unstable:          0 kB
Bounce:                0 kB
WritebackTmp:          0 kB
CommitLimit:      503648 kB
Committed_AS:    3021532 kB
VmallocTotal:   34359738367 kB
VmallocUsed:           0 kB
VmallocChunk:          0 kB
HardwareCorrupted:     0 kB
AnonHugePages:         0 kB
ShmemHugePages:        0 kB
ShmemPmdMapped:        0 kB
CmaTotal:              0 kB
CmaFree:               0 kB
HugePages_Total:       0
HugePages_Free:        0
HugePages_Rsvd:        0
HugePages_Surp:        0
Hugepagesize:       2048 kB
DirectMap4k:       67584 kB
DirectMap2M:      980992 kB


/proc/sys/kernel/threads-max (system-wide limit on the number of threads):
7679


/proc/sys/vm/max_map_count (maximum number of memory map areas a process may have):
65530


/proc/sys/kernel/pid_max (system-wide limit on number of process identifiers):
32768



container (cgroup) information:
container_type: cgroupv1
cpu_cpuset_cpus: 0
cpu_memory_nodes: 0
active_processor_count: 1
cpu_quota: -1
cpu_period: 100000
cpu_shares: -1
memory_limit_in_bytes: -1
memory_and_swap_limit_in_bytes: -2
memory_soft_limit_in_bytes: -1
memory_usage_in_bytes: 745205760
memory_max_usage_in_bytes: 751738880

Xen hardware-assisted virtualization detected
Steal ticks since vm start: 180231
Steal ticks percentage since vm start:  0.884

CPU:total 1 (initial active 1) (1 cores per cpu, 1 threads per core) family 6 model 63 stepping 2, cmov, cx8, fxsr, mmx, sse, sse2, sse3, ssse3, sse4.1, sse4.2, popcnt, avx, avx2, aes, clmul, erms, lzcnt, tsc, bmi1, bmi2, fma
CPU Model and flags from /proc/cpuinfo:
model name	: Intel(R) Xeon(R) CPU E5-2676 v3 @ 2.40GHz
flags		: fpu vme de pse tsc msr pae mce cx8 apic sep mtrr pge mca cmov pat pse36 clflush mmx fxsr sse sse2 ht syscall nx rdtscp lm constant_tsc rep_good nopl xtopology cpuid pni pclmulqdq ssse3 fma cx16 pcid sse4_1 sse4_2 x2apic movbe popcnt tsc_deadline_timer aes xsave avx f16c rdrand hypervisor lahf_lm abm cpuid_fault invpcid_single pti fsgsbase bmi1 avx2 smep bmi2 erms invpcid xsaveopt

Memory: 4k page, physical 1007300k(50692k free), swap 0k(0k free)

vm_info: OpenJDK 64-Bit Server VM (11.0.6+10-post-Ubuntu-1ubuntu118.04.1) for linux-amd64 JRE (11.0.6+10-post-Ubuntu-1ubuntu118.04.1), built on Jan 15 2020 15:14:00 by "unknown" with gcc 7.4.0

END.
