#
# There is insufficient memory for the Java Runtime Environment to continue.
# Native memory allocation (mmap) failed to map 16384 bytes for committing reserved memory.
# Possible reasons:
#   The system is out of physical RAM or swap space
#   The process is running with CompressedOops enabled, and the Java Heap may be blocking the growth of the native heap
# Possible solutions:
#   Reduce memory load on the system
#   Increase physical memory or swap space
#   Check if swap backing store is full
#   Decrease Java heap size (-Xmx/-Xms)
#   Decrease number of Java threads
#   Decrease Java thread stack sizes (-Xss)
#   Set larger code cache with -XX:ReservedCodeCacheSize=
#   JVM is running with Unscaled Compressed Oops mode in which the Java heap is
#     placed in the first 4GB address space. The Java Heap base address is the
#     maximum limit for the native heap growth. Please use -XX:HeapBaseMinAddress
#     to set the Java Heap base and to place the Java Heap above 4GB virtual address.
# This output file may be truncated or incomplete.
#
#  Out of Memory Error (os_linux.cpp:2852), pid=3718, tid=4626
#
# JRE version: OpenJDK Runtime Environment (11.0.6+10) (build 11.0.6+10-post-Ubuntu-1ubuntu118.04.1)
# Java VM: OpenJDK 64-Bit Server VM (11.0.6+10-post-Ubuntu-1ubuntu118.04.1, mixed mode, sharing, tiered, compressed oops, serial gc, linux-amd64)
# Core dump will be written. Default location: Core dumps may be processed with "/usr/share/apport/apport %p %s %c %d %P" (or dumping to /home/ubuntu/finalapp/k/core.3718)
#

---------------  S U M M A R Y ------------

Command Line: -Dclassworlds.conf=/usr/share/maven/bin/m2.conf -Dmaven.home=/usr/share/maven -Dlibrary.jansi.path=/usr/share/maven/lib/jansi-native -Dmaven.multiModuleProjectDirectory=/home/ubuntu/finalapp/k org.codehaus.plexus.classworlds.launcher.Launcher jetty:run

Host: Intel(R) Xeon(R) CPU E5-2676 v3 @ 2.40GHz, 1 cores, 983M, Ubuntu 18.04.4 LTS
Time: Fri Feb 21 16:10:53 2020 UTC elapsed time: 1550 seconds (0d 0h 25m 50s)

---------------  T H R E A D  ---------------

Current thread (0x00007f2e9005a000):  JavaThread "Signal Dispatcher" daemon [_thread_new, id=4626, stack(0x00007f2e94006000,0x00007f2e94107000)]

Stack: [0x00007f2e94006000,0x00007f2e94107000],  sp=0x00007f2e94105980,  free space=1022k
Native frames: (J=compiled Java code, A=aot compiled Java code, j=interpreted, Vv=VM code, C=native code)
V  [libjvm.so+0xdefa33]
V  [libjvm.so+0xdf06bb]
V  [libjvm.so+0x6508a5]
V  [libjvm.so+0xbc9098]
V  [libjvm.so+0xbc11df]
V  [libjvm.so+0xbca85f]
V  [libjvm.so+0xd832a0]
V  [libjvm.so+0xd7f20a]
V  [libjvm.so+0xbcf1fe]


---------------  P R O C E S S  ---------------

Threads class SMR info:
_java_thread_list=0x00007f2e9005e1d0, length=5, elements={
0x00007f2e90014000, 0x00007f2e9004f800, 0x00007f2e90051800, 0x00007f2e9005a000,
0x00007f2e9005c800
}

Java Threads: ( => current thread )
  0x00007f2e90014000 JavaThread "main" [_thread_in_vm, id=4443, stack(0x00007f2e98ca8000,0x00007f2e98da9000)]
  0x00007f2e9004f800 JavaThread "Reference Handler" daemon [_thread_blocked, id=4573, stack(0x00007f2e94239000,0x00007f2e9433a000)]
  0x00007f2e90051800 JavaThread "Finalizer" daemon [_thread_blocked, id=4587, stack(0x00007f2e94138000,0x00007f2e94239000)]
=>0x00007f2e9005a000 JavaThread "Signal Dispatcher" daemon [_thread_new, id=4626, stack(0x00007f2e94006000,0x00007f2e94107000)]
  0x00007f2e9005c800 JavaThread "C2 CompilerThread0" daemon [_thread_new, id=4679, stack(0x00007f2e78501000,0x00007f2e78602000)]

Other Threads:
  0x00007f2e9004c800 VMThread "VM Thread" [stack: 0x00007f2e9433c000,0x00007f2e9443c000] [id=4497]

Threads with active compile tasks:

VM state:not at safepoint (normal execution)

VM Mutex/Monitor currently owned by a thread:  ([mutex/lock_event])
[0x00007f2e90010410] Threads_lock - owner thread: 0x00007f2e90014000

Heap address: 0x00000000f0a00000, size: 246 MB, Compressed Oops mode: 32-bit
Narrow klass base: 0x0000000800000000, Narrow klass shift: 3
Compressed class space size: 1073741824 Address: 0x0000000840000000

Heap:
 def new generation   total 4928K, used 305K [0x00000000f0a00000, 0x00000000f0f50000, 0x00000000f5c00000)
  eden space 4416K,   6% used [0x00000000f0a00000, 0x00000000f0a4c4d0, 0x00000000f0e50000)
  from space 512K,   0% used [0x00000000f0e50000, 0x00000000f0e50000, 0x00000000f0ed0000)
  to   space 512K,   0% used [0x00000000f0ed0000, 0x00000000f0ed0000, 0x00000000f0f50000)
 tenured generation   total 10944K, used 0K [0x00000000f5c00000, 0x00000000f66b0000, 0x0000000100000000)
   the space 10944K,   0% used [0x00000000f5c00000, 0x00000000f5c00000, 0x00000000f5c00200, 0x00000000f66b0000)
 Metaspace       used 31K, capacity 4480K, committed 4480K, reserved 1056768K
  class space    used 1K, capacity 384K, committed 384K, reserved 1048576K

Card table byte_map: [0x00007f2e98c1e000,0x00007f2e98c9a000] _byte_map_base: 0x00007f2e98499000

Polling page: 0x00007f2e98db3000

Metaspace:

Usage:
  Non-class:      4.00 MB capacity,    29.91 KB ( <1%) used,     3.97 MB (>99%) free+waste,    64 bytes ( <1%) overhead. 
      Class:    384.00 KB capacity,     1.97 KB ( <1%) used,   381.97 KB (>99%) free+waste,    64 bytes ( <1%) overhead. 
       Both:      4.38 MB capacity,    31.88 KB ( <1%) used,     4.34 MB (>99%) free+waste,   128 bytes ( <1%) overhead. 

Virtual space:
  Non-class space:        8.00 MB reserved,       4.00 MB ( 50%) committed 
      Class space:        1.00 GB reserved,     384.00 KB ( <1%) committed 
             Both:        1.01 GB reserved,       4.38 MB ( <1%) committed 

Chunk freelists:
   Non-Class:  0 bytes
       Class:  0 bytes
        Both:  0 bytes

MaxMetaspaceSize: unlimited
CompressedClassSpaceSize: 1.00 GB

CodeHeap 'non-profiled nmethods': size=120036Kb used=0Kb max_used=0Kb free=120036Kb
 bounds [0x00007f2e803d7000, 0x00007f2e80647000, 0x00007f2e87910000]
CodeHeap 'profiled nmethods': size=120032Kb used=0Kb max_used=0Kb free=120032Kb
 bounds [0x00007f2e78e9f000, 0x00007f2e7910f000, 0x00007f2e803d7000]
CodeHeap 'non-nmethods': size=5692Kb used=381Kb max_used=381Kb free=5311Kb
 bounds [0x00007f2e78910000, 0x00007f2e78b80000, 0x00007f2e78e9f000]
 total_blobs=187 nmethods=0 adapters=136
 compilation: enabled
              stopped_count=0, restarted_count=0
 full_count=0

Compilation events (0 events):
No events

GC Heap History (0 events):
No events

Deoptimization events (0 events):
No events

Classes redefined (0 events):
No events

Internal exceptions (0 events):
No events

Events (9 events):
Event: 0.659 Protecting memory [0x00007f2e98ca8000,0x00007f2e98cac000] with protection modes 0
Event: 0.822 Loaded shared library /usr/lib/jvm/java-11-openjdk-amd64/lib/libzip.so
Event: 0.822 Loaded shared library /usr/lib/jvm/java-11-openjdk-amd64/lib/libjimage.so
Event: 209.358 Thread 0x00007f2e90014000 Thread added: 0x00007f2e90014000
Event: 1418.224 Thread 0x00007f2e9004f800 Thread added: 0x00007f2e9004f800
Event: 1418.224 Protecting memory [0x00007f2e94239000,0x00007f2e9423d000] with protection modes 0
Event: 1425.827 Thread 0x00007f2e90051800 Thread added: 0x00007f2e90051800
Event: 1425.865 Protecting memory [0x00007f2e94138000,0x00007f2e9413c000] with protection modes 0
Event: 1471.262 Thread 0x00007f2e9005a000 Thread added: 0x00007f2e9005a000


Dynamic libraries:
f0a00000-f0f50000 rw-p 00000000 00:00 0 
f0f50000-f5c00000 ---p 00000000 00:00 0 
f5c00000-f66b0000 rw-p 00000000 00:00 0 
f66b0000-100000000 ---p 00000000 00:00 0 
800000000-800002000 rwxp 00001000 ca:01 527136                           /usr/lib/jvm/java-11-openjdk-amd64/lib/server/classes.jsa
800002000-8003b8000 rw-p 00003000 ca:01 527136                           /usr/lib/jvm/java-11-openjdk-amd64/lib/server/classes.jsa
8003b8000-800a7e000 r--p 003b9000 ca:01 527136                           /usr/lib/jvm/java-11-openjdk-amd64/lib/server/classes.jsa
800a7e000-800a7f000 rw-p 00a7f000 ca:01 527136                           /usr/lib/jvm/java-11-openjdk-amd64/lib/server/classes.jsa
800a7f000-80108b000 r--p 00a80000 ca:01 527136                           /usr/lib/jvm/java-11-openjdk-amd64/lib/server/classes.jsa
840000000-840060000 rw-p 00000000 00:00 0 
840060000-880000000 ---p 00000000 00:00 0 
55915e98a000-55915e98b000 r-xp 00000000 ca:01 527691                     /usr/lib/jvm/java-11-openjdk-amd64/bin/java
55915eb8b000-55915eb8c000 r--p 00001000 ca:01 527691                     /usr/lib/jvm/java-11-openjdk-amd64/bin/java
55915eb8c000-55915eb8d000 rw-p 00002000 ca:01 527691                     /usr/lib/jvm/java-11-openjdk-amd64/bin/java
559160671000-559160692000 rw-p 00000000 00:00 0                          [heap]
7f2e64000000-7f2e64021000 rw-p 00000000 00:00 0 
7f2e64021000-7f2e68000000 ---p 00000000 00:00 0 
7f2e68000000-7f2e68021000 rw-p 00000000 00:00 0 
7f2e68021000-7f2e6c000000 ---p 00000000 00:00 0 
7f2e6c000000-7f2e6c021000 rw-p 00000000 00:00 0 
7f2e6c021000-7f2e70000000 ---p 00000000 00:00 0 
7f2e70000000-7f2e70021000 rw-p 00000000 00:00 0 
7f2e70021000-7f2e74000000 ---p 00000000 00:00 0 
7f2e74000000-7f2e74021000 rw-p 00000000 00:00 0 
7f2e74021000-7f2e78000000 ---p 00000000 00:00 0 
7f2e78505000-7f2e78602000 rw-p 00000000 00:00 0 
7f2e78602000-7f2e78775000 r--p 00000000 ca:01 7800                       /usr/lib/locale/C.UTF-8/LC_COLLATE
7f2e78775000-7f2e78910000 r--p 00000000 ca:01 7795                       /usr/lib/locale/locale-archive
7f2e78910000-7f2e78b80000 rwxp 00000000 00:00 0 
7f2e78b80000-7f2e78e9f000 ---p 00000000 00:00 0 
7f2e78e9f000-7f2e7910f000 rwxp 00000000 00:00 0 
7f2e7910f000-7f2e803d7000 ---p 00000000 00:00 0 
7f2e803d7000-7f2e80647000 rwxp 00000000 00:00 0 
7f2e80647000-7f2e87910000 ---p 00000000 00:00 0 
7f2e90000000-7f2e90063000 rw-p 00000000 00:00 0 
7f2e90063000-7f2e94000000 ---p 00000000 00:00 0 
7f2e9400a000-7f2e94107000 rw-p 00000000 00:00 0 
7f2e94107000-7f2e94138000 r--p 00000000 ca:01 7801                       /usr/lib/locale/C.UTF-8/LC_CTYPE
7f2e94138000-7f2e9413c000 ---p 00000000 00:00 0 
7f2e9413c000-7f2e94239000 rw-p 00000000 00:00 0 
7f2e94239000-7f2e9423d000 ---p 00000000 00:00 0 
7f2e9423d000-7f2e9433a000 rw-p 00000000 00:00 0 
7f2e9433a000-7f2e9433b000 ---p 00000000 00:00 0 
7f2e9433b000-7f2e94940000 rw-p 00000000 00:00 0 
7f2e94940000-7f2e94d40000 ---p 00000000 00:00 0 
7f2e94d40000-7f2e94d87000 rw-p 00000000 00:00 0 
7f2e94d87000-7f2e94e6d000 ---p 00000000 00:00 0 
7f2e94e6d000-7f2e94e72000 rw-p 00000000 00:00 0 
7f2e94e72000-7f2e94f58000 ---p 00000000 00:00 0 
7f2e94f58000-7f2e94f5d000 r-xp 00000000 ca:01 527837                     /usr/lib/jvm/java-11-openjdk-amd64/lib/libjimage.so
7f2e94f5d000-7f2e9515c000 ---p 00005000 ca:01 527837                     /usr/lib/jvm/java-11-openjdk-amd64/lib/libjimage.so
7f2e9515c000-7f2e9515d000 r--p 00004000 ca:01 527837                     /usr/lib/jvm/java-11-openjdk-amd64/lib/libjimage.so
7f2e9515d000-7f2e9515e000 rw-p 00005000 ca:01 527837                     /usr/lib/jvm/java-11-openjdk-amd64/lib/libjimage.so
7f2e9515e000-7f2e95165000 r-xp 00000000 ca:01 527854                     /usr/lib/jvm/java-11-openjdk-amd64/lib/libzip.so
7f2e95165000-7f2e95364000 ---p 00007000 ca:01 527854                     /usr/lib/jvm/java-11-openjdk-amd64/lib/libzip.so
7f2e95364000-7f2e95365000 r--p 00006000 ca:01 527854                     /usr/lib/jvm/java-11-openjdk-amd64/lib/libzip.so
7f2e95365000-7f2e95366000 rw-p 00007000 ca:01 527854                     /usr/lib/jvm/java-11-openjdk-amd64/lib/libzip.so
7f2e95366000-7f2e95371000 r-xp 00000000 ca:01 2093                       /lib/x86_64-linux-gnu/libnss_files-2.27.so
7f2e95371000-7f2e95570000 ---p 0000b000 ca:01 2093                       /lib/x86_64-linux-gnu/libnss_files-2.27.so
7f2e95570000-7f2e95571000 r--p 0000a000 ca:01 2093                       /lib/x86_64-linux-gnu/libnss_files-2.27.so
7f2e95571000-7f2e95572000 rw-p 0000b000 ca:01 2093                       /lib/x86_64-linux-gnu/libnss_files-2.27.so
7f2e95572000-7f2e95578000 rw-p 00000000 00:00 0 
7f2e95578000-7f2e9558f000 r-xp 00000000 ca:01 2090                       /lib/x86_64-linux-gnu/libnsl-2.27.so
7f2e9558f000-7f2e9578e000 ---p 00017000 ca:01 2090                       /lib/x86_64-linux-gnu/libnsl-2.27.so
7f2e9578e000-7f2e9578f000 r--p 00016000 ca:01 2090                       /lib/x86_64-linux-gnu/libnsl-2.27.so
7f2e9578f000-7f2e95790000 rw-p 00017000 ca:01 2090                       /lib/x86_64-linux-gnu/libnsl-2.27.so
7f2e95790000-7f2e95792000 rw-p 00000000 00:00 0 
7f2e95792000-7f2e9579d000 r-xp 00000000 ca:01 2095                       /lib/x86_64-linux-gnu/libnss_nis-2.27.so
7f2e9579d000-7f2e9599c000 ---p 0000b000 ca:01 2095                       /lib/x86_64-linux-gnu/libnss_nis-2.27.so
7f2e9599c000-7f2e9599d000 r--p 0000a000 ca:01 2095                       /lib/x86_64-linux-gnu/libnss_nis-2.27.so
7f2e9599d000-7f2e9599e000 rw-p 0000b000 ca:01 2095                       /lib/x86_64-linux-gnu/libnss_nis-2.27.so
7f2e9599e000-7f2e959a6000 r-xp 00000000 ca:01 2091                       /lib/x86_64-linux-gnu/libnss_compat-2.27.so
7f2e959a6000-7f2e95ba6000 ---p 00008000 ca:01 2091                       /lib/x86_64-linux-gnu/libnss_compat-2.27.so
7f2e95ba6000-7f2e95ba7000 r--p 00008000 ca:01 2091                       /lib/x86_64-linux-gnu/libnss_compat-2.27.so
7f2e95ba7000-7f2e95ba8000 rw-p 00009000 ca:01 2091                       /lib/x86_64-linux-gnu/libnss_compat-2.27.so
7f2e95ba8000-7f2e95bd1000 r-xp 00000000 ca:01 527833                     /usr/lib/jvm/java-11-openjdk-amd64/lib/libjava.so
7f2e95bd1000-7f2e95dd0000 ---p 00029000 ca:01 527833                     /usr/lib/jvm/java-11-openjdk-amd64/lib/libjava.so
7f2e95dd0000-7f2e95dd1000 r--p 00028000 ca:01 527833                     /usr/lib/jvm/java-11-openjdk-amd64/lib/libjava.so
7f2e95dd1000-7f2e95dd3000 rw-p 00029000 ca:01 527833                     /usr/lib/jvm/java-11-openjdk-amd64/lib/libjava.so
7f2e95dd3000-7f2e95de0000 r-xp 00000000 ca:01 527853                     /usr/lib/jvm/java-11-openjdk-amd64/lib/libverify.so
7f2e95de0000-7f2e95fdf000 ---p 0000d000 ca:01 527853                     /usr/lib/jvm/java-11-openjdk-amd64/lib/libverify.so
7f2e95fdf000-7f2e95fe1000 r--p 0000c000 ca:01 527853                     /usr/lib/jvm/java-11-openjdk-amd64/lib/libverify.so
7f2e95fe1000-7f2e95fe2000 rw-p 0000e000 ca:01 527853                     /usr/lib/jvm/java-11-openjdk-amd64/lib/libverify.so
7f2e95fe2000-7f2e95fe9000 r-xp 00000000 ca:01 2180                       /lib/x86_64-linux-gnu/librt-2.27.so
7f2e95fe9000-7f2e961e8000 ---p 00007000 ca:01 2180                       /lib/x86_64-linux-gnu/librt-2.27.so
7f2e961e8000-7f2e961e9000 r--p 00006000 ca:01 2180                       /lib/x86_64-linux-gnu/librt-2.27.so
7f2e961e9000-7f2e961ea000 rw-p 00007000 ca:01 2180                       /lib/x86_64-linux-gnu/librt-2.27.so
7f2e961ea000-7f2e96201000 r-xp 00000000 ca:01 2096                       /lib/x86_64-linux-gnu/libgcc_s.so.1
7f2e96201000-7f2e96400000 ---p 00017000 ca:01 2096                       /lib/x86_64-linux-gnu/libgcc_s.so.1
7f2e96400000-7f2e96401000 r--p 00016000 ca:01 2096                       /lib/x86_64-linux-gnu/libgcc_s.so.1
7f2e96401000-7f2e96402000 rw-p 00017000 ca:01 2096                       /lib/x86_64-linux-gnu/libgcc_s.so.1
7f2e96402000-7f2e9659f000 r-xp 00000000 ca:01 2087                       /lib/x86_64-linux-gnu/libm-2.27.so
7f2e9659f000-7f2e9679e000 ---p 0019d000 ca:01 2087                       /lib/x86_64-linux-gnu/libm-2.27.so
7f2e9679e000-7f2e9679f000 r--p 0019c000 ca:01 2087                       /lib/x86_64-linux-gnu/libm-2.27.so
7f2e9679f000-7f2e967a0000 rw-p 0019d000 ca:01 2087                       /lib/x86_64-linux-gnu/libm-2.27.so
7f2e967a0000-7f2e96919000 r-xp 00000000 ca:01 5016                       /usr/lib/x86_64-linux-gnu/libstdc++.so.6.0.25
7f2e96919000-7f2e96b19000 ---p 00179000 ca:01 5016                       /usr/lib/x86_64-linux-gnu/libstdc++.so.6.0.25
7f2e96b19000-7f2e96b23000 r--p 00179000 ca:01 5016                       /usr/lib/x86_64-linux-gnu/libstdc++.so.6.0.25
7f2e96b23000-7f2e96b25000 rw-p 00183000 ca:01 5016                       /usr/lib/x86_64-linux-gnu/libstdc++.so.6.0.25
7f2e96b25000-7f2e96b29000 rw-p 00000000 00:00 0 
7f2e96b29000-7f2e97c02000 r-xp 00000000 ca:01 527860                     /usr/lib/jvm/java-11-openjdk-amd64/lib/server/libjvm.so
7f2e97c02000-7f2e97e01000 ---p 010d9000 ca:01 527860                     /usr/lib/jvm/java-11-openjdk-amd64/lib/server/libjvm.so
7f2e97e01000-7f2e97ebe000 r--p 010d8000 ca:01 527860                     /usr/lib/jvm/java-11-openjdk-amd64/lib/server/libjvm.so
7f2e97ebe000-7f2e97ef8000 rw-p 01195000 ca:01 527860                     /usr/lib/jvm/java-11-openjdk-amd64/lib/server/libjvm.so
7f2e97ef8000-7f2e97f4e000 rw-p 00000000 00:00 0 
7f2e97f4e000-7f2e97f68000 r-xp 00000000 ca:01 2178                       /lib/x86_64-linux-gnu/libpthread-2.27.so
7f2e97f68000-7f2e98167000 ---p 0001a000 ca:01 2178                       /lib/x86_64-linux-gnu/libpthread-2.27.so
7f2e98167000-7f2e98168000 r--p 00019000 ca:01 2178                       /lib/x86_64-linux-gnu/libpthread-2.27.so
7f2e98168000-7f2e98169000 rw-p 0001a000 ca:01 2178                       /lib/x86_64-linux-gnu/libpthread-2.27.so
7f2e98169000-7f2e9816d000 rw-p 00000000 00:00 0 
7f2e9816d000-7f2e98170000 r-xp 00000000 ca:01 2086                       /lib/x86_64-linux-gnu/libdl-2.27.so
7f2e98170000-7f2e9836f000 ---p 00003000 ca:01 2086                       /lib/x86_64-linux-gnu/libdl-2.27.so
7f2e9836f000-7f2e98370000 r--p 00002000 ca:01 2086                       /lib/x86_64-linux-gnu/libdl-2.27.so
7f2e98370000-7f2e98371000 rw-p 00003000 ca:01 2086                       /lib/x86_64-linux-gnu/libdl-2.27.so
7f2e98371000-7f2e9838d000 r-xp 00000000 ca:01 2183                       /lib/x86_64-linux-gnu/libz.so.1.2.11
7f2e9838d000-7f2e9858c000 ---p 0001c000 ca:01 2183                       /lib/x86_64-linux-gnu/libz.so.1.2.11
7f2e9858c000-7f2e9858d000 r--p 0001b000 ca:01 2183                       /lib/x86_64-linux-gnu/libz.so.1.2.11
7f2e9858d000-7f2e9858e000 rw-p 0001c000 ca:01 2183                       /lib/x86_64-linux-gnu/libz.so.1.2.11
7f2e9858e000-7f2e98775000 r-xp 00000000 ca:01 2083                       /lib/x86_64-linux-gnu/libc-2.27.so
7f2e98775000-7f2e98975000 ---p 001e7000 ca:01 2083                       /lib/x86_64-linux-gnu/libc-2.27.so
7f2e98975000-7f2e98979000 r--p 001e7000 ca:01 2083                       /lib/x86_64-linux-gnu/libc-2.27.so
7f2e98979000-7f2e9897b000 rw-p 001eb000 ca:01 2083                       /lib/x86_64-linux-gnu/libc-2.27.so
7f2e9897b000-7f2e9897f000 rw-p 00000000 00:00 0 
7f2e9897f000-7f2e9898f000 r-xp 00000000 ca:01 527817                     /usr/lib/jvm/java-11-openjdk-amd64/lib/jli/libjli.so
7f2e9898f000-7f2e98b8e000 ---p 00010000 ca:01 527817                     /usr/lib/jvm/java-11-openjdk-amd64/lib/jli/libjli.so
7f2e98b8e000-7f2e98b8f000 r--p 0000f000 ca:01 527817                     /usr/lib/jvm/java-11-openjdk-amd64/lib/jli/libjli.so
7f2e98b8f000-7f2e98b90000 rw-p 00010000 ca:01 527817                     /usr/lib/jvm/java-11-openjdk-amd64/lib/jli/libjli.so
7f2e98b90000-7f2e98bb7000 r-xp 00000000 ca:01 2079                       /lib/x86_64-linux-gnu/ld-2.27.so
7f2e98bba000-7f2e98bbb000 r--p 00000000 ca:01 7806                       /usr/lib/locale/C.UTF-8/LC_NUMERIC
7f2e98bbb000-7f2e98bbc000 r--p 00000000 ca:01 7809                       /usr/lib/locale/C.UTF-8/LC_TIME
7f2e98bbc000-7f2e98bbd000 r--p 00000000 ca:01 7804                       /usr/lib/locale/C.UTF-8/LC_MONETARY
7f2e98bbd000-7f2e98bbe000 r--p 00000000 ca:01 7798                       /usr/lib/locale/C.UTF-8/LC_MESSAGES/SYS_LC_MESSAGES
7f2e98bbe000-7f2e98bbf000 r--p 00000000 ca:01 7807                       /usr/lib/locale/C.UTF-8/LC_PAPER
7f2e98bbf000-7f2e98bc0000 r--p 00000000 ca:01 7805                       /usr/lib/locale/C.UTF-8/LC_NAME
7f2e98bc0000-7f2e98bc1000 r--p 00000000 ca:01 7799                       /usr/lib/locale/C.UTF-8/LC_ADDRESS
7f2e98bc1000-7f2e98bc2000 r--p 00000000 ca:01 7808                       /usr/lib/locale/C.UTF-8/LC_TELEPHONE
7f2e98bc2000-7f2e98bc3000 r--p 00000000 ca:01 7803                       /usr/lib/locale/C.UTF-8/LC_MEASUREMENT
7f2e98bc3000-7f2e98bca000 r--s 00000000 ca:01 5009                       /usr/lib/x86_64-linux-gnu/gconv/gconv-modules.cache
7f2e98bca000-7f2e98bcb000 r--p 00000000 ca:01 7802                       /usr/lib/locale/C.UTF-8/LC_IDENTIFICATION
7f2e98bcb000-7f2e98bd1000 rw-p 00000000 00:00 0 
7f2e98bd1000-7f2e98c1e000 ---p 00000000 00:00 0 
7f2e98c1e000-7f2e98c21000 rw-p 00000000 00:00 0 
7f2e98c21000-7f2e98c47000 ---p 00000000 00:00 0 
7f2e98c47000-7f2e98c4d000 rw-p 00000000 00:00 0 
7f2e98c4d000-7f2e98c99000 ---p 00000000 00:00 0 
7f2e98c99000-7f2e98c9f000 rw-p 00000000 00:00 0 
7f2e98c9f000-7f2e98ca6000 ---p 00000000 00:00 0 
7f2e98ca6000-7f2e98ca8000 r--s 00007000 ca:01 56100                      /usr/share/java/java-atk-wrapper.jar
7f2e98ca8000-7f2e98cac000 ---p 00000000 00:00 0 
7f2e98cac000-7f2e98dab000 rw-p 00000000 00:00 0 
7f2e98dab000-7f2e98db3000 rw-s 00000000 ca:01 9136